<?xml version="1.0" encoding="utf-8"?><testsuites name="pytest tests"><testsuite name="pytest" errors="0" failures="0" skipped="1" tests="665" time="108.509" timestamp="2026-09-24T09:18:07.710227+08:00" hostname="LAPTOP-SM89OMIU"><testcase classname="tests.test_apply_resolution" name="test_select_existing_candidate_and_keep_original_unchanged" time="0.001" /><testcase classname="tests.test_apply_resolution" name="test_keep_unresolved_does_not_change_field" time="0.001" /><testcase classname="tests.test_apply_resolution" name="test_invalid_candidate_index_is_rejected" time="0.001" /><testcase classname="tests.test_apply_resolution" name="test_only_needs_review_can_be_modified[RESOLVED]" time="0.001" /><testcase classname="tests.test_apply_resolution" name="test_only_needs_review_can_be_modified[NOT_FOUND]" time="0.000" /><testcase classname="tests.test_apply_resolution" name="test_free_text_value_and_unknown_action_are_rejected" time="0.000" /><testcase classname="tests.test_apply_resolution" name="test_resolution_contract_rejects_missing_or_inconsistent_payload" time="0.000" /><testcase classname="tests.test_apply_resolution" name="test_other_fields_and_candidate_evidence_are_not_changed" time="0.001" /><testcase classname="tests.test_apply_resolution" name="test_cli_writes_reviewed_facts_and_audit_without_overwriting_original" time="0.009" /><testcase classname="tests.test_apply_resolution" name="test_reviewed_project_facts_schema_and_outputs_are_valid" time="0.321" /><testcase classname="tests.test_apply_resolution" name="test_generated_resolution_schema_matches_pydantic_contract" time="0.003" /><testcase classname="tests.test_bid_document_builder" name="test_bid_document_is_readable_and_contains_basic_information_table" time="0.113" /><testcase classname="tests.test_bid_document_builder" name="test_bid_document_preserves_status_placeholders_and_separate_numbers" time="0.092" /><testcase classname="tests.test_bid_document_builder" name="test_bid_document_contains_only_the_basic_skeleton_sections" time="0.094" /><testcase classname="tests.test_bid_document_builder" name="test_bid_builder_requires_project_facts_ssot" time="0.002" /><testcase classname="tests.test_bid_document_builder" name="test_source_format_becomes_the_primary_bid_document_skeleton" time="0.082" /><testcase classname="tests.test_bid_document_builder" name="test_source_format_without_fact_values_does_not_override_project_facts" time="0.058" /><testcase classname="tests.test_bid_document_builder" name="test_pdf_source_format_rebuilds_tables_and_fills_only_tender_placeholders" time="0.036" /><testcase classname="tests.test_delivery_qa" name="test_complete_consistent_output_is_pass" time="0.351" /><testcase classname="tests.test_delivery_qa" name="test_review_and_not_found_are_pass_with_review" time="0.614" /><testcase classname="tests.test_delivery_qa" name="test_xlsx_primary_template_sheet_is_required" time="0.529" /><testcase classname="tests.test_delivery_qa" name="test_xlsx_template_merged_cells_are_required" time="0.676" /><testcase classname="tests.test_delivery_qa" name="test_top_number_and_amount_fields_cannot_be_exchanged" time="0.747" /><testcase classname="tests.test_delivery_qa" name="test_procurement_method_does_not_fill_submission_method" time="0.684" /><testcase classname="tests.test_delivery_qa" name="test_manual_template_fields_cannot_be_guessed" time="0.614" /><testcase classname="tests.test_delivery_qa" name="test_corrupt_docx_is_fail" time="0.641" /><testcase classname="tests.test_delivery_qa" name="test_invalid_project_facts_contract_is_fail" time="0.576" /><testcase classname="tests.test_delivery_qa" name="test_docx_resolved_value_corruption_is_fail" time="0.740" /><testcase classname="tests.test_delivery_qa" name="test_source_format_metadata_and_heading_order_are_qa_checked" time="0.810" /><testcase classname="tests.test_delivery_qa" name="test_fabricated_bidder_and_submission_ready_status_are_failures" time="0.735" /><testcase classname="tests.test_delivery_qa" name="test_qa_cli_writes_structured_report" time="0.701" /><testcase classname="tests.test_document_parser" name="test_normal_docx_is_parsed_with_paragraphs_and_status" time="0.043" /><testcase classname="tests.test_document_parser" name="test_docx_paragraph_table_order_is_preserved" time="0.047" /><testcase classname="tests.test_document_parser" name="test_docx_table_locators_keep_table_row_cell" time="0.053" /><testcase classname="tests.test_document_parser" name="test_docx_cell_newlines_are_preserved" time="0.054" /><testcase classname="tests.test_document_parser" name="test_pdf_pages_are_one_based_and_have_text" time="0.034" /><testcase classname="tests.test_document_parser" name="test_pdf_tables_retain_two_and_four_column_cells_and_locators" time="0.104" /><testcase classname="tests.test_document_parser" name="test_pdf_second_page_and_bbox_are_serializable" time="0.024" /><testcase classname="tests.test_document_parser" name="test_pdf_lines_locator_maps_back_to_json" time="0.027" /><testcase classname="tests.test_document_parser" name="test_docx_lines_cell_locator_maps_back_to_json" time="0.059" /><testcase classname="tests.test_document_parser" name="test_scan_like_pdf_returns_ocr_required" time="0.018" /><testcase classname="tests.test_document_parser" name="test_unsupported_extension_returns_status_and_exit_code" time="0.012" /><testcase classname="tests.test_document_parser" name="test_corrupt_supported_file_returns_parse_error_without_traceback[.pdf]" time="0.014" /><testcase classname="tests.test_document_parser" name="test_corrupt_supported_file_returns_parse_error_without_traceback[.docx]" time="0.013" /><testcase classname="tests.test_document_parser" name="test_unicode_amount_and_identifier_text_survives" time="0.052" /><testcase classname="tests.test_dynamic_requirements" name="test_requirement_index_ids_modules_and_risk" time="0.064" /><testcase classname="tests.test_dynamic_requirements" name="test_rejection_clauses_outrank_their_topic" time="0.043" /><testcase classname="tests.test_dynamic_requirements" name="test_dates_scores_and_counts_are_not_values" time="0.001" /><testcase classname="tests.test_dynamic_requirements" name="test_inline_enumeration_is_split_into_clauses" time="0.001" /><testcase classname="tests.test_dynamic_requirements" name="test_topic_and_type_classification_is_source_driven" time="0.000" /><testcase classname="tests.test_dynamic_requirements" name="test_clause_and_marker_detection" time="0.000" /><testcase classname="tests.test_dynamic_requirements" name="test_duplicate_clauses_are_merged_once" time="0.041" /><testcase classname="tests.test_dynamic_requirements" name="test_source_contains_matches_grouped_text" time="0.042" /><testcase classname="tests.test_dynamic_review" name="test_plan_items_are_generated_from_the_source" time="0.039" /><testcase classname="tests.test_dynamic_review" name="test_plan_does_not_invent_project_irrelevant_items" time="0.034" /><testcase classname="tests.test_dynamic_review" name="test_hard_gates_pass_on_the_fixture" time="0.039" /><testcase classname="tests.test_dynamic_review" name="test_order_review_items_is_module_then_risk" time="0.038" /><testcase classname="tests.test_dynamic_review" name="test_concept_guard_falls_back_instead_of_naming_absent_concepts" time="0.001" /><testcase classname="tests.test_dynamic_review" name="test_dynamic_workbook_replaces_the_fixed_row_model" time="0.613" /><testcase classname="tests.test_dynamic_review" name="test_dynamic_workbook_qa_detects_a_mismatched_row" time="0.508" /><testcase classname="tests.test_dynamic_review" name="test_legacy_fixed_row_path_is_still_available" time="0.364" /><testcase classname="tests.test_fact_extraction" name="test_same_line_candidate_resolves_project_name" time="0.038" /><testcase classname="tests.test_fact_extraction" name="test_pdf_candidate_uses_one_based_page_locator" time="0.020" /><testcase classname="tests.test_fact_extraction" name="test_table_candidates_keep_field_identity_and_value_locator" time="0.019" /><testcase classname="tests.test_fact_extraction" name="test_four_column_table_checks_every_label_cell" time="0.019" /><testcase classname="tests.test_fact_extraction" name="test_same_line_method_and_money_normalization" time="0.013" /><testcase classname="tests.test_fact_extraction" name="test_same_line_accepts_fullwidth_spacing_around_colon" time="0.019" /><testcase classname="tests.test_fact_extraction" name="test_next_line_candidate_does_not_cross_a_new_field_label" time="0.025" /><testcase classname="tests.test_fact_extraction" name="test_next_line_does_not_use_a_new_label_with_an_inline_value" time="0.015" /><testcase classname="tests.test_fact_extraction" name="test_keyword_window_finds_body_sentence" time="0.015" /><testcase classname="tests.test_fact_extraction" name="test_equal_sources_are_retained_and_resolved" time="0.017" /><testcase classname="tests.test_fact_extraction" name="test_project_and_tender_numbers_remain_independent" time="0.014" /><testcase classname="tests.test_fact_extraction" name="test_negative_consortium_phrase_normalizes_to_false" time="0.015" /><testcase classname="tests.test_fact_extraction" name="test_candidate_evidence_and_locator_are_present_for_resolved_fields" time="0.017" /><testcase classname="tests.test_fact_resolution" name="test_no_candidate_is_not_found_and_summary_counts_all_current_fields" time="0.018" /><testcase classname="tests.test_fact_resolution" name="test_conflicting_values_require_review" time="0.018" /><testcase classname="tests.test_fact_resolution" name="test_standalone_keyword_window_requires_review" time="0.014" /><testcase classname="tests.test_fact_resolution" name="test_keyword_window_agrees_with_independent_explicit_candidate" time="0.017" /><testcase classname="tests.test_fact_resolution" name="test_table_label_followed_by_another_label_is_not_used_as_value" time="0.014" /><testcase classname="tests.test_fact_resolution" name="test_next_line_new_field_value_is_not_project_name" time="0.016" /><testcase classname="tests.test_fact_resolution" name="test_source_priority_does_not_hide_conflict" time="0.017" /><testcase classname="tests.test_fact_resolution" name="test_equivalent_money_candidates_resolve_without_float" time="0.015" /><testcase classname="tests.test_fact_resolution" name="test_conflicting_money_candidates_require_review" time="0.016" /><testcase classname="tests.test_fact_resolution" name="test_equivalent_dates_resolve" time="0.019" /><testcase classname="tests.test_fact_resolution" name="test_duration_different_units_are_not_equated" time="0.015" /><testcase classname="tests.test_fact_resolution" name="test_budget_and_max_price_are_not_cross_filled" time="0.018" /><testcase classname="tests.test_fact_resolution" name="test_review_packet_contains_only_conflict_evidence" time="0.020" /><testcase classname="tests.test_fact_resolution" name="test_project_facts_can_be_serialized_and_revalidated" time="0.016" /><testcase classname="tests.test_fact_resolution" name="test_cli_writes_project_facts_and_review_packet" time="0.025" /><testcase classname="tests.test_fact_resolution" name="test_cli_rejects_ocr_required_without_creating_facts" time="0.006" /><testcase classname="tests.test_format_extractor" name="test_source_format_section_is_found_and_stops_at_next_chapter" time="0.052" /><testcase classname="tests.test_format_extractor" name="test_body_phrase_does_not_start_a_format_section" time="0.040" /><testcase classname="tests.test_format_extractor" name="test_pdf_chapter_heading_and_ordered_forms_are_preserved" time="0.005" /><testcase classname="tests.test_format_extractor" name="test_unbounded_large_pdf_format_tail_is_marked_for_review" time="0.026" /><testcase classname="tests.test_format_extractor" name="test_long_pdf_format_chapter_with_ordered_forms_can_end_at_eof" time="0.005" /><testcase classname="tests.test_logical_layout" name="test_adjacent_blocks_form_one_paragraph_despite_glyph_edges" time="0.455" /><testcase classname="tests.test_logical_layout" name="test_addressee_has_container_not_short_glyph_width" time="0.330" /><testcase classname="tests.test_logical_layout" name="test_numbered_continuations_and_shared_list_geometry" time="0.333" /><testcase classname="tests.test_logical_layout" name="test_numeric_sentence_containing_document_is_not_heading" time="0.001" /><testcase classname="tests.test_logical_layout" name="test_appendix_catalog_rows_do_not_merge" time="0.002" /><testcase classname="tests.test_logical_layout" name="test_form_baselines_split_even_when_labels_are_span_fragments" time="0.316" /><testcase classname="tests.test_logical_layout" name="test_guard_rejects_number_in_name_slot_but_preserves_number_slot" time="0.001" /><testcase classname="tests.test_logical_layout" name="test_inline_slot_does_not_fragment_surrounding_prose" time="0.390" /><testcase classname="tests.test_logical_layout" name="test_form_vector_blank_is_editable_visible_blank" time="0.347" /><testcase classname="tests.test_logical_layout" name="test_chinese_join_no_space_and_latin_boundary_retained" time="0.000" /><testcase classname="tests.test_logical_layout" name="test_qa_catches_serialized_narrow_centered_body" time="0.376" /><testcase classname="tests.test_logical_layout" name="test_qa_does_not_equate_zero_breaks_with_paragraph_success" time="0.518" /><testcase classname="tests.test_lot_name_resolution" name="test_lot_name_resolves_from_lot_scoped_values" time="0.057" /><testcase classname="tests.test_lot_name_resolution" name="test_generic_same_lot_mentions_are_not_candidates" time="0.052" /><testcase classname="tests.test_lot_name_resolution" name="test_plain_tender_has_no_lot_name" time="0.043" /><testcase classname="tests.test_models" name="test_candidate_fact_can_be_created_and_serialized" time="0.001" /><testcase classname="tests.test_models" name="test_confidence_must_be_between_zero_and_one[-0.01]" time="0.001" /><testcase classname="tests.test_models" name="test_confidence_must_be_between_zero_and_one[1.01]" time="0.000" /><testcase classname="tests.test_models" name="test_resolved_fact_status_enum_accepts_only_three_v1_values" time="0.001" /><testcase classname="tests.test_models" name="test_project_number_and_tender_number_remain_independent" time="0.001" /><testcase classname="tests.test_models" name="test_pdf_locator_preserves_real_page" time="0.000" /><testcase classname="tests.test_models" name="test_docx_paragraph_locator_has_no_page" time="0.000" /><testcase classname="tests.test_models" name="test_docx_table_locator_has_no_page" time="0.000" /><testcase classname="tests.test_models" name="test_project_facts_summary_counts_all_three_statuses" time="0.001" /><testcase classname="tests.test_models" name="test_generated_json_schema_can_be_loaded_and_describes_contract" time="0.007" /><testcase classname="tests.test_package" name="test_package_is_complete_and_has_no_forbidden_files" time="0.192" /><testcase classname="tests.test_package" name="test_validator_rejects_forbidden_package_members" time="0.008" /><testcase classname="tests.test_package" name="test_validator_rejects_missing_runtime_contract_files" time="0.254" /><testcase classname="tests.test_page_layout" name="test_visual_wrap_one_logical_paragraph" time="0.667" /><testcase classname="tests.test_page_layout" name="test_numbered_boundaries_not_merged" time="0.001" /><testcase classname="tests.test_page_layout" name="test_same_baseline_fragment_is_not_tab" time="0.000" /><testcase classname="tests.test_page_layout" name="test_incomplete_geometry_does_not_guess" time="0.000" /><testcase classname="tests.test_page_layout" name="test_cover_and_divider_distinct" time="0.002" /><testcase classname="tests.test_page_layout" name="test_center_and_vertical_band" time="0.351" /><testcase classname="tests.test_page_layout" name="test_font_mapping[SimSun-\u5b8b\u4f53]" time="0.001" /><testcase classname="tests.test_page_layout" name="test_font_mapping[FangSong_GB2312-\u4eff\u5b8b]" time="0.001" /><testcase classname="tests.test_page_layout" name="test_font_mapping[SimHei-\u9ed1\u4f53]" time="0.001" /><testcase classname="tests.test_page_layout" name="test_font_mapping[KaiTi-\u6977\u4f53]" time="0.000" /><testcase classname="tests.test_page_layout" name="test_font_mapping[TimesNewRomanPSMT-Times New Roman]" time="0.001" /><testcase classname="tests.test_page_layout" name="test_form_row_is_one_paragraph_with_native_tabs_or_underlines[\u4f9b\u5e94\u5546\uff1a________\uff08\u76d6\u5355\u4f4d\u516c\u7ae0\uff09-3]" time="0.686" /><testcase classname="tests.test_page_layout" name="test_form_row_is_one_paragraph_with_native_tabs_or_underlines[____\u5e74____\u6708____\u65e5-6]" time="0.863" /><testcase classname="tests.test_page_layout" name="test_fixed_content_not_form" time="0.002" /><testcase classname="tests.test_page_layout" name="test_calibration_bounded" time="0.001" /><testcase classname="tests.test_page_layout" name="test_body_is_not_centered_merely_because_margins_symmetric" time="0.001" /><testcase classname="tests.test_page_layout" name="test_vector_blank_requires_field_geometry" time="0.001" /><testcase classname="tests.test_page_layout" name="test_blank_pdf_lines_keep_geometry_not_printed_rows" time="0.001" /><testcase classname="tests.test_page_layout" name="test_visible_span_font_not_blank_span_font" time="0.017" /><testcase classname="tests.test_page_layout" name="test_inline_blank_needs_vector_evidence" time="0.001" /><testcase classname="tests.test_pipeline" name="test_pipeline_cleanup_removes_every_known_artifact" time="0.031" /><testcase classname="tests.test_pipeline" name="test_pipeline_docx_writes_all_delivery_artifacts" time="1.119" /><testcase classname="tests.test_pipeline" name="test_pipeline_text_pdf_writes_all_delivery_artifacts" time="1.234" /><testcase classname="tests.test_pipeline" name="test_pipeline_stops_on_ocr_required_without_fake_delivery" time="0.018" /><testcase classname="tests.test_pipeline" name="test_pipeline_corrupt_input_returns_nonzero_without_fake_delivery" time="0.013" /><testcase classname="tests.test_recovery_regressions" name="test_guarantee_form_sentence_never_contaminates_amount" time="0.018" /><testcase classname="tests.test_recovery_regressions" name="test_canonical_money_and_boolean_values_remain_type_valid" time="0.001" /><testcase classname="tests.test_recovery_regressions" name="test_reference_time_requires_review_without_a_resolved_deadline" time="0.018" /><testcase classname="tests.test_recovery_regressions" name="test_reference_time_can_only_be_derived_from_a_concrete_deadline" time="0.020" /><testcase classname="tests.test_recovery_regressions" name="test_owner_and_agent_number_aliases_keep_ownership_independent" time="0.020" /><testcase classname="tests.test_recovery_regressions" name="test_duration_quality_aliases_and_procurement_submission_separation" time="0.052" /><testcase classname="tests.test_recovery_regressions" name="test_labeled_multiline_value_keeps_a_split_project_title_bounded" time="0.009" /><testcase classname="tests.test_recovery_regressions" name="test_standalone_title_candidate_is_limited_to_obvious_title_context" time="0.011" /><testcase classname="tests.test_recovery_regressions" name="test_semantic_proposal_is_evidence_bound_and_re_resolved_by_python" time="0.031" /><testcase classname="tests.test_review_builder" name="test_review_workbook_uses_the_supplied_template_as_the_primary_sheet" time="0.421" /><testcase classname="tests.test_review_builder" name="test_review_workbook_keeps_numbers_independent_and_manual_fields_unfilled" time="0.448" /><testcase classname="tests.test_review_builder" name="test_review_workbook_preserves_template_validation_and_structure" time="0.409" /><testcase classname="tests.test_review_builder" name="test_review_workbook_template_is_present_and_not_rebuilt_from_scratch" time="0.001" /><testcase classname="tests.test_review_builder" name="test_review_builder_requires_project_facts_ssot" time="0.005" /><testcase classname="tests.test_review_evidence" name="test_review_evidence_retrieves_generic_high_value_clauses" time="0.222" /><testcase classname="tests.test_review_evidence" name="test_fully_electronic_signal_can_be_not_applicable_candidate" time="0.125" /><testcase classname="tests.test_review_evidence" name="test_review_evidence_pruning_is_bounded_and_explicit" time="0.230" /><testcase classname="tests.test_review_evidence" name="test_one_strong_clause_is_found_not_multiple_found" time="0.136" /><testcase classname="tests.test_review_evidence" name="test_table_cell_text_ignores_tall_artwork_span" time="0.000" /><testcase classname="tests.test_review_evidence" name="test_long_contents_lines_are_not_review_evidence" time="0.001" /><testcase classname="tests.test_review_evidence" name="test_scoring_row_does_not_accept_non_scoring_qualification_phrase" time="0.137" /><testcase classname="tests.test_review_evidence" name="test_semantic_classification_must_reference_existing_candidate" time="0.001" /><testcase classname="tests.test_review_evidence" name="test_review_workbook_writes_states_into_existing_64_rows_without_stray_row" time="0.485" /><testcase classname="tests.test_round2_manual_fidelity_defects" name="test_forward_reachable_anchor_stays_on_the_current_line" time="0.001" /><testcase classname="tests.test_round2_manual_fidelity_defects" name="test_backward_anchor_is_isolated_onto_its_own_line" time="0.001" /><testcase classname="tests.test_round2_manual_fidelity_defects" name="test_measured_forward_reachability_outranks_the_width_estimate" time="0.000" /><testcase classname="tests.test_round2_manual_fidelity_defects" name="test_repeated_source_gaps_share_one_spacing_value" time="0.001" /><testcase classname="tests.test_round2_manual_fidelity_defects" name="test_snapping_never_advances_the_page_less_far_than_the_source" time="0.000" /><testcase classname="tests.test_round2_manual_fidelity_defects" name="test_a_fixed_anchor_stops_spacing_classes_from_chaining" time="0.001" /><testcase classname="tests.test_round2_manual_fidelity_defects" name="test_sub_line_gaps_collapse_to_zero_with_evidence" time="0.000" /><testcase classname="tests.test_round2_manual_fidelity_defects" name="test_rhythm_metrics_separate_rows_from_block_boundaries" time="0.001" /><testcase classname="tests.test_round2_manual_fidelity_defects" name="test_line_level_composite_slot_marks_the_absent_component" time="0.001" /><testcase classname="tests.test_round2_manual_fidelity_defects" name="test_composite_marker_does_not_create_or_resolve_a_fact" time="0.001" /><testcase classname="tests.test_round2_manual_fidelity_defects" name="test_inline_composite_slot_is_left_alone" time="0.001" /><testcase classname="tests.test_round2_manual_fidelity_defects" name="test_composite_presentation_is_not_recorded_for_a_plain_slot" time="0.001" /><testcase classname="tests.test_round3_source_typography" name="test_source_rows_that_fill_the_measure_are_justified" time="0.001" /><testcase classname="tests.test_round3_source_typography" name="test_source_rows_at_their_natural_advance_are_left_aligned" time="0.000" /><testcase classname="tests.test_round3_source_typography" name="test_a_single_row_carries_no_alignment_evidence" time="0.000" /><testcase classname="tests.test_round3_source_typography" name="test_a_flowing_prose_paragraph_paints_its_blank_at_the_cursor" time="0.000" /><testcase classname="tests.test_round3_source_typography" name="test_a_single_row_form_line_keeps_its_positioned_blank" time="0.000" /><testcase classname="tests.test_round3_source_typography" name="test_a_table_cell_keeps_its_own_line_structure" time="0.000" /><testcase classname="tests.test_round3_source_typography" name="test_a_cell_that_keeps_the_source_lines_passes" time="0.000" /><testcase classname="tests.test_round3_source_typography" name="test_the_same_cell_delivered_with_line_breaks_also_passes" time="0.000" /><testcase classname="tests.test_round3_source_typography" name="test_a_cell_that_spells_one_boundary_twice_is_refused" time="0.000" /><testcase classname="tests.test_round3_source_typography" name="test_a_cell_that_merges_the_source_lines_fails" time="0.000" /><testcase classname="tests.test_round3_source_typography" name="test_a_three_line_summary_cell_needs_two_breaks" time="0.000" /><testcase classname="tests.test_round3_source_typography" name="test_an_element_delivered_as_one_paragraph_passes" time="0.003" /><testcase classname="tests.test_round3_source_typography" name="test_an_element_split_across_paragraphs_fails" time="0.001" /><testcase classname="tests.test_round3_source_typography" name="test_a_recorded_isolation_does_not_authorise_a_natural_wrap_split" time="0.001" /><testcase classname="tests.test_round3_source_typography" name="test_a_source_list_its_own_items_split_is_authorised" time="0.001" /><testcase classname="tests.test_round3_source_typography" name="test_a_single_source_row_split_is_a_builder_forced_break" time="0.000" /><testcase classname="tests.test_round3_source_typography" name="test_a_split_with_an_invented_hard_break_inside_it_still_fails" time="0.000" /><testcase classname="tests.test_round3_source_typography" name="test_a_split_that_leaves_a_visible_gap_fails" time="0.001" /><testcase classname="tests.test_round3_source_typography" name="test_a_split_that_carries_paragraph_spacing_fails" time="0.000" /><testcase classname="tests.test_round3_source_typography" name="test_a_value_the_source_never_printed_is_not_part_of_its_line" time="0.000" /><testcase classname="tests.test_round3_source_typography" name="test_split_pieces_reads_the_runs_characters_in_order" time="0.000" /><testcase classname="tests.test_round3_source_typography" name="test_a_repeated_paragraph_is_not_a_split" time="0.000" /><testcase classname="tests.test_round3_source_typography" name="test_a_flow_placed_rule_keeps_its_anchored_endpoint" time="0.001" /><testcase classname="tests.test_round3_source_typography" name="test_a_flow_placed_rule_prefers_the_endpoint_it_can_hold" time="0.000" /><testcase classname="tests.test_round3_source_typography" name="test_a_segment_of_the_wrong_width_cannot_claim_the_rule" time="0.000" /><testcase classname="tests.test_round3_source_typography" name="test_no_painted_rule_leaves_the_flow_placed_rule_unanswered" time="0.000" /><testcase classname="tests.test_round3_source_typography" name="test_the_shipped_evidence_artifact_is_self_consistent" time="0.002" /><testcase classname="tests.test_round3_source_typography" name="test_a_wrap_the_container_cannot_merge_passes_with_a_reviewed_deviation" time="0.001" /><testcase classname="tests.test_round3_source_typography" name="test_any_missing_deviation_condition_leaves_the_split_a_failure[override0]" time="0.001" /><testcase classname="tests.test_round3_source_typography" name="test_any_missing_deviation_condition_leaves_the_split_a_failure[override1]" time="0.001" /><testcase classname="tests.test_round3_source_typography" name="test_any_missing_deviation_condition_leaves_the_split_a_failure[override2]" time="0.001" /><testcase classname="tests.test_round3_source_typography" name="test_any_missing_deviation_condition_leaves_the_split_a_failure[override3]" time="0.001" /><testcase classname="tests.test_round3_source_typography" name="test_any_missing_deviation_condition_leaves_the_split_a_failure[override4]" time="0.002" /><testcase classname="tests.test_round3_source_typography" name="test_any_missing_deviation_condition_leaves_the_split_a_failure[override5]" time="0.002" /><testcase classname="tests.test_round3_source_typography" name="test_any_missing_deviation_condition_leaves_the_split_a_failure[override6]" time="0.001" /><testcase classname="tests.test_round3_source_typography" name="test_any_missing_deviation_condition_leaves_the_split_a_failure[override7]" time="0.001" /><testcase classname="tests.test_round3_source_typography" name="test_any_missing_deviation_condition_leaves_the_split_a_failure[override8]" time="0.001" /><testcase classname="tests.test_round3_source_typography" name="test_any_missing_deviation_condition_leaves_the_split_a_failure[override9]" time="0.001" /><testcase classname="tests.test_round3_source_typography" name="test_any_missing_deviation_condition_leaves_the_split_a_failure[override10]" time="0.001" /><testcase classname="tests.test_round3_source_typography" name="test_any_missing_deviation_condition_leaves_the_split_a_failure[override11]" time="0.001" /><testcase classname="tests.test_round3_source_typography" name="test_any_missing_deviation_condition_leaves_the_split_a_failure[override12]" time="0.001" /><testcase classname="tests.test_round3_source_typography" name="test_any_missing_deviation_condition_leaves_the_split_a_failure[override13]" time="0.001" /><testcase classname="tests.test_round3_source_typography" name="test_any_missing_deviation_condition_leaves_the_split_a_failure[override14]" time="0.002" /><testcase classname="tests.test_round3_source_typography" name="test_any_missing_deviation_condition_leaves_the_split_a_failure[override15]" time="0.002" /><testcase classname="tests.test_round3_source_typography" name="test_any_missing_deviation_condition_leaves_the_split_a_failure[override16]" time="0.002" /><testcase classname="tests.test_round3_source_typography" name="test_any_missing_deviation_condition_leaves_the_split_a_failure[override17]" time="0.002" /><testcase classname="tests.test_round3_source_typography" name="test_any_missing_deviation_condition_leaves_the_split_a_failure[override18]" time="0.002" /><testcase classname="tests.test_round3_source_typography" name="test_the_deviation_contract_is_not_keyed_to_a_case_page_or_rule" time="0.002" /><testcase classname="tests.test_round3_source_typography" name="test_the_deviation_is_not_keyed_to_this_page_or_element" time="0.001" /><testcase classname="tests.test_round3_source_typography" name="test_the_source_semantics_are_never_relabelled_as_an_explicit_break" time="0.002" /><testcase classname="tests.test_round3_source_typography" name="test_the_deviation_counters_stay_separate" time="0.001" /><testcase classname="tests.test_round3_source_typography" name="test_an_unexplained_split_is_disclosed_rather_than_tolerated" time="0.001" /><testcase classname="tests.test_round3_source_typography" name="test_a_hard_break_the_source_rows_do_not_explain_is_disclosed" time="0.000" /><testcase classname="tests.test_round3_source_typography" name="test_a_hard_break_the_source_rows_do_expect_is_not_disclosed" time="0.000" /><testcase classname="tests.test_round46_form_layout" name="test_visible_pdf_rule_becomes_word_bottom_rule_and_plain_empty_stays_plain" time="0.353" /><testcase classname="tests.test_round46_form_layout" name="test_project_number_and_signature_rows_use_editable_lines" time="0.390" /><testcase classname="tests.test_round46_form_layout" name="test_date_row_has_three_stable_editable_cells" time="0.354" /><testcase classname="tests.test_round46_form_layout" name="test_inline_sentence_blank_stays_in_one_paragraph_and_is_underlined" time="0.001" /><testcase classname="tests.test_round46_form_layout" name="test_inline_sentence_blank_renders_as_visible_underlined_glyphs" time="0.355" /><testcase classname="tests.test_round46_form_layout" name="test_numbered_and_nested_lists_keep_the_source_indent_column" time="0.352" /><testcase classname="tests.test_round46_form_layout" name="test_form_block_has_one_shared_grid_for_related_rows" time="0.334" /><testcase classname="tests.test_round46_form_layout" name="test_artifact_span_outside_cell_bbox_is_rejected" time="0.001" /><testcase classname="tests.test_round46_form_layout" name="test_rotated_watermark_span_is_rejected_but_valid_short_business_cell_survives" time="0.001" /><testcase classname="tests.test_round47_paragraph_native" name="test_paragraph_position_uses_indent_and_vertical_gap_uses_spacing" time="0.517" /><testcase classname="tests.test_round47_paragraph_native" name="test_center_title_and_left_addressee_are_native_paragraphs" time="0.379" /><testcase classname="tests.test_round47_paragraph_native" name="test_geometry_backed_justified_narrative_is_not_a_positioning_hack" time="0.398" /><testcase classname="tests.test_round47_paragraph_native" name="test_single_line_form_uses_tab_leader_and_no_layout_table" time="0.400" /><testcase classname="tests.test_round47_paragraph_native" name="test_date_line_and_multi_field_line_remain_one_paragraph" time="0.371" /><testcase classname="tests.test_round47_paragraph_native" name="test_hanging_list_and_nested_hanging_list_are_paragraphs" time="0.368" /><testcase classname="tests.test_round47_paragraph_native" name="test_real_source_table_stays_table_and_word_safe" time="0.797" /><testcase classname="tests.test_round47_paragraph_native" name="test_form_label_never_creates_a_synthetic_table" time="0.348" /><testcase classname="tests.test_round48_typography_semantics" name="test_pdf_subset_font_normalization" time="0.001" /><testcase classname="tests.test_round48_typography_semantics" name="test_same_role_table_font_variant_is_not_flattened" time="0.001" /><testcase classname="tests.test_round48_typography_semantics" name="test_legitimate_table_font_variation_is_preserved" time="0.001" /><testcase classname="tests.test_round48_typography_semantics" name="test_unit_tokens_keep_x_order_for_m2_m3_m3h_m3s" time="0.001" /><testcase classname="tests.test_round48_typography_semantics" name="test_true_word_superscript_and_no_orphan" time="0.364" /><testcase classname="tests.test_round48_typography_semantics" name="test_resolved_fact_fills_all_compatible_slots_and_wrong_type_rejected" time="0.001" /><testcase classname="tests.test_round48_typography_semantics" name="test_fixed_source_value_is_not_a_fill_slot" time="0.001" /><testcase classname="tests.test_round48_typography_semantics" name="test_actual_rendered_page_count_can_differ_from_section_count" time="0.035" /><testcase classname="tests.test_round49_alignment_style" name="test_centered_form_alignment_is_source_geometry_semantic" time="0.001" /><testcase classname="tests.test_round49_alignment_style" name="test_centered_form_fill_uses_center_and_zero_indents_with_fixed_slot" time="0.363" /><testcase classname="tests.test_round49_alignment_style" name="test_empty_table_value_resolves_style_from_paired_label" time="0.001" /><testcase classname="tests.test_round49_alignment_style" name="test_same_fact_uses_independent_destination_styles" time="0.340" /><testcase classname="tests.test_round4_vii_leading_blank_and_cell_rhythm" name="test_measured_space_advance_is_one_half_em" time="0.001" /><testcase classname="tests.test_round4_vii_leading_blank_and_cell_rhythm" name="test_measured_tracking_responds_one_for_one_and_never_condenses" time="0.000" /><testcase classname="tests.test_round4_vii_leading_blank_and_cell_rhythm" name="test_intrinsic_spacer_renders_the_target_width_at_both_date_sizes" time="0.000" /><testcase classname="tests.test_round4_vii_leading_blank_and_cell_rhythm" name="test_intrinsic_spacer_floor_is_the_base_space_advance" time="0.000" /><testcase classname="tests.test_round4_vii_leading_blank_and_cell_rhythm" name="test_a_chain_of_intrinsic_spacers_reconstructs_its_source_width" time="0.000" /><testcase classname="tests.test_round4_vii_leading_blank_and_cell_rhythm" name="test_calibration_is_keyed_by_family_and_falls_back_measurably" time="0.000" /><testcase classname="tests.test_round4_vii_leading_blank_and_cell_rhythm" name="test_drift_in_a_target_width_changes_the_emitted_tracking" time="0.001" /><testcase classname="tests.test_round4_vii_leading_blank_and_cell_rhythm" name="test_apply_spacing_places_one_schema_ordered_w_spacing" time="0.014" /><testcase classname="tests.test_round4_vii_leading_blank_and_cell_rhythm" name="test_leading_blank_interval_is_measured_from_the_blank_itself" time="0.001" /><testcase classname="tests.test_round4_vii_leading_blank_and_cell_rhythm" name="test_leading_interval_falls_back_to_the_row_extent_without_a_blank_span" time="0.000" /><testcase classname="tests.test_round4_vii_leading_blank_and_cell_rhythm" name="test_a_labelled_row_reaches_its_first_blank_from_the_label" time="0.000" /><testcase classname="tests.test_round4_vii_leading_blank_and_cell_rhythm" name="test_leading_date_interval_x0_prefers_the_blank_own_start" time="0.000" /><testcase classname="tests.test_round4_vii_leading_blank_and_cell_rhythm" name="test_sub_materiality_segments_are_not_emitted" time="0.000" /><testcase classname="tests.test_round4_vii_leading_blank_and_cell_rhythm" name="test_center_axis_formula_is_unchanged_for_a_right_of_center_row" time="0.000" /><testcase classname="tests.test_round4_vii_leading_blank_and_cell_rhythm" name="test_center_axis_formula_is_unchanged_for_a_left_of_center_row" time="0.000" /><testcase classname="tests.test_round4_vii_leading_blank_and_cell_rhythm" name="test_center_axis_below_half_a_point_stays_symmetric" time="0.000" /><testcase classname="tests.test_round4_vii_leading_blank_and_cell_rhythm" name="test_date_row_geometry_tolerance_is_still_two_points" time="0.000" /><testcase classname="tests.test_round4_vii_leading_blank_and_cell_rhythm" name="test_emitted_font_size_is_a_truncated_half_point_count" time="0.000" /><testcase classname="tests.test_round4_vii_leading_blank_and_cell_rhythm" name="test_measured_natural_line_ratio_is_an_em_ratio" time="0.000" /><testcase classname="tests.test_round4_vii_leading_blank_and_cell_rhythm" name="test_auto_line_multiple_reproduces_each_measured_pitch" time="0.000" /><testcase classname="tests.test_round4_vii_leading_blank_and_cell_rhythm" name="test_no_single_line_spacing_can_deliver_two_different_source_pitches" time="0.001" /><testcase classname="tests.test_round4_vii_leading_blank_and_cell_rhythm" name="test_auto_line_multiple_never_compresses_below_single_spacing" time="0.000" /><testcase classname="tests.test_round4_vii_leading_blank_and_cell_rhythm" name="test_dominant_line_pitch_is_the_mode_not_the_mean" time="0.001" /><testcase classname="tests.test_round4_vii_leading_blank_and_cell_rhythm" name="test_cell_splits_into_one_group_per_source_line_with_its_own_pitch" time="0.000" /><testcase classname="tests.test_round4_vii_leading_blank_and_cell_rhythm" name="test_cell_split_refuses_when_the_text_and_runs_disagree" time="0.001" /><testcase classname="tests.test_round4_vii_leading_blank_and_cell_rhythm" name="test_cell_split_refuses_a_slot_that_straddles_a_line_boundary" time="0.001" /><testcase classname="tests.test_round4_vii_leading_blank_and_cell_rhythm" name="test_a_split_cell_paragraph_keeps_the_cell_own_spacing_model" time="0.011" /><testcase classname="tests.test_round4_vii_leading_blank_and_cell_rhythm" name="test_the_p3_reviewed_structural_deviation_is_unchanged" time="0.001" /><testcase classname="tests.test_round51_numbering" name="test_source_number_token_preserves_prefix_punctuation_and_spacing" time="0.002" /><testcase classname="tests.test_round51_numbering" name="test_heading_classification_does_not_use_chinese_prefix_alone" time="0.002" /><testcase classname="tests.test_round51_numbering" name="test_source_styles_have_no_auto_numbering_but_generated_styles_do" time="0.301" /><testcase classname="tests.test_round51_numbering" name="test_missing_source_body_item_cannot_renumber_later_source_item" time="0.273" /><testcase classname="tests.test_round52_package_visual_fidelity" name="test_no_note_document_has_no_invalid_note_settings" time="0.173" /><testcase classname="tests.test_round52_package_visual_fidelity" name="test_footnote_settings_without_part_fail" time="0.140" /><testcase classname="tests.test_round52_package_visual_fidelity" name="test_endnote_settings_without_part_fail" time="0.169" /><testcase classname="tests.test_round52_package_visual_fidelity" name="test_missing_relationship_and_content_type_targets_fail" time="0.263" /><testcase classname="tests.test_round52_package_visual_fidelity" name="test_missing_style_and_numbering_references_fail" time="0.260" /><testcase classname="tests.test_round52_package_visual_fidelity" name="test_same_semantic_table_role_preserves_source_variants" time="0.001" /><testcase classname="tests.test_round53_text_spacing_fidelity" name="test_semantic_line_spacing_modes_are_word_auto" time="0.031" /><testcase classname="tests.test_round53_text_spacing_fidelity" name="test_pdf_spacing_inference_never_silently_selects_exact" time="0.001" /><testcase classname="tests.test_round53_text_spacing_fidelity" name="test_literal_display_text_preserves_internal_spaces_and_underscores" time="0.064" /><testcase classname="tests.test_round53_text_spacing_fidelity" name="test_blank_representation_kinds_are_distinct" time="0.001" /><testcase classname="tests.test_round53_text_spacing_fidelity" name="test_form_tab_stop_is_measured_from_the_page_margin" time="0.000" /><testcase classname="tests.test_round53_text_spacing_fidelity" name="test_vector_rule_is_not_reported_as_literal_underscores" time="0.000" /><testcase classname="tests.test_round54_logical_structure" name="test_single_line_flush_left_is_left_aligned" time="0.001" /><testcase classname="tests.test_round54_logical_structure" name="test_single_line_flush_right_is_right_aligned" time="0.001" /><testcase classname="tests.test_round54_logical_structure" name="test_centered_line_in_wide_cell_is_centered" time="0.001" /><testcase classname="tests.test_round54_logical_structure" name="test_multi_line_left_axis_wins_over_stable_center" time="0.001" /><testcase classname="tests.test_round54_logical_structure" name="test_justify_requires_body_lines_at_both_edges_and_shorter_last_line" time="0.001" /><testcase classname="tests.test_round54_logical_structure" name="test_unsupported_asymmetric_padding_reports_unknown_not_a_guess" time="0.000" /><testcase classname="tests.test_round54_logical_structure" name="test_same_semantic_role_yields_different_alignment_from_geometry_only" time="0.001" /><testcase classname="tests.test_round54_logical_structure" name="test_true_continuation_merges_into_one_logical_table" time="0.002" /><testcase classname="tests.test_round54_logical_structure" name="test_continuation_text_order_is_preserved" time="0.001" /><testcase classname="tests.test_round54_logical_structure" name="test_resumed_item_index_merges_into_one_logical_table" time="0.001" /><testcase classname="tests.test_round54_logical_structure" name="test_broken_item_index_is_not_merged" time="0.001" /><testcase classname="tests.test_round54_logical_structure" name="test_repeated_header_row_starts_a_new_table" time="0.001" /><testcase classname="tests.test_round54_logical_structure" name="test_matching_geometry_alone_does_not_merge" time="0.001" /><testcase classname="tests.test_round54_logical_structure" name="test_non_adjacent_pages_are_never_merged" time="0.001" /><testcase classname="tests.test_round54_logical_structure" name="test_incompatible_grid_is_never_merged" time="0.001" /><testcase classname="tests.test_round54_logical_structure" name="test_split_fragments_reports_every_decision" time="0.001" /><testcase classname="tests.test_round54_logical_structure" name="test_reconstruction_preserves_every_source_character" time="0.001" /><testcase classname="tests.test_round54_logical_structure" name="test_continuation_row_with_numbered_subitem_still_merges" time="0.001" /><testcase classname="tests.test_round54_logical_structure" name="test_plan_emits_one_word_table_and_folds_the_continuation" time="0.001" /><testcase classname="tests.test_round54_logical_structure" name="test_a_folded_fragment_never_owns_its_own_section" time="0.001" /><testcase classname="tests.test_round54_logical_structure" name="test_coarser_continuation_grid_maps_onto_the_head_columns" time="0.001" /><testcase classname="tests.test_round54_logical_structure" name="test_nested_composite_placeholder_names_project_and_lot" time="0.001" /><testcase classname="tests.test_round54_logical_structure" name="test_plain_project_name_hint_is_a_single_field_slot" time="0.000" /><testcase classname="tests.test_round54_logical_structure" name="test_unknown_hint_grants_no_field" time="0.001" /><testcase classname="tests.test_round54_logical_structure" name="test_composite_replacement_preserves_unresolved_component" time="0.015" /><testcase classname="tests.test_round54_logical_structure" name="test_composite_replacement_fills_both_when_both_resolve" time="0.046" /><testcase classname="tests.test_round54_logical_structure" name="test_does_not_fill_when_nothing_resolves" time="0.012" /><testcase classname="tests.test_round54_logical_structure" name="test_cross_type_fills_are_rejected" time="0.001" /><testcase classname="tests.test_round54_logical_structure" name="test_blank_glyph_run_is_not_a_fact_value" time="0.001" /><testcase classname="tests.test_round54_logical_structure" name="test_bracketed_instruction_is_not_a_purchaser_value" time="0.000" /><testcase classname="tests.test_round54_logical_structure" name="test_bare_role_noun_is_not_an_entity_name" time="0.001" /><testcase classname="tests.test_round54_logical_structure" name="test_bare_measurement_unit_is_not_a_value" time="0.000" /><testcase classname="tests.test_round54_logical_structure" name="test_label_header_block_evidence_is_rejected" time="0.007" /><testcase classname="tests.test_round56_source_visual_fidelity" name="test_rendered_weight_decides_bold_and_regular_roles" time="0.000" /><testcase classname="tests.test_round56_source_visual_fidelity" name="test_visual_typography_is_unavailable_without_a_rendered_source" time="0.004" /><testcase classname="tests.test_round56_source_visual_fidelity" name="test_case001_source_roles_are_measured_from_rendered_glyphs" time="10.284" /><testcase classname="tests.test_round56_source_visual_fidelity" name="test_source_page_geometry_derives_margins_from_the_source_body" time="0.000" /><testcase classname="tests.test_round56_source_visual_fidelity" name="test_source_page_geometry_ignores_running_header_and_footer" time="0.000" /><testcase classname="tests.test_round56_source_visual_fidelity" name="test_every_page_flavour_of_one_source_section_resolves_to_one_frame" time="0.001" /><testcase classname="tests.test_round56_source_visual_fidelity" name="test_sparse_title_only_page_does_not_change_the_section_frame" time="0.001" /><testcase classname="tests.test_round56_source_visual_fidelity" name="test_wide_table_page_cannot_contract_the_section_frame" time="0.001" /><testcase classname="tests.test_round56_source_visual_fidelity" name="test_single_visual_row_element_keeps_one_emission_row" time="0.000" /><testcase classname="tests.test_round56_source_visual_fidelity" name="test_table_width_keeps_the_source_width_when_only_the_frame_is_narrower" time="0.000" /><testcase classname="tests.test_round56_source_visual_fidelity" name="test_blank_kind_is_derived_from_the_source_representation" time="0.000" /><testcase classname="tests.test_round56_source_visual_fidelity" name="test_fill_pattern_keeps_the_source_line_for_a_drawn_rule" time="0.000" /><testcase classname="tests.test_round56_source_visual_fidelity" name="test_empty_source_blank_stays_fillable_without_inventing_a_value" time="0.000" /><testcase classname="tests.test_round56_source_visual_fidelity" name="test_parenthetical_placeholder_keeps_its_shape_and_removes_the_value_underline" time="0.000" /><testcase classname="tests.test_round56_source_visual_fidelity" name="test_composite_and_label_append_modes_are_distinct" time="0.000" /><testcase classname="tests.test_round56_source_visual_fidelity" name="test_pattern_index_prefers_the_most_confident_source_pattern" time="0.000" /><testcase classname="tests.test_round56_source_visual_fidelity" name="test_production_builder_consumes_the_source_visual_models" time="0.011" /><testcase classname="tests.test_round56_source_visual_fidelity" name="test_generated_cover_blanks_are_continuous_underlined_runs" time="0.045" /><testcase classname="tests.test_round56_source_visual_fidelity" name="test_case003_source_facts_are_unchanged" time="0.002" /><testcase classname="tests.test_round56_source_visual_fidelity" name="test_cjk_sampling_window_skips_latin_and_spaces" time="0.000" /><testcase classname="tests.test_round58_anchored_value_run" name="test_r1_uses_source_anchored_value_run" time="0.029" /><testcase classname="tests.test_round58_anchored_value_run" name="test_r2_uses_source_anchored_value_run" time="0.016" /><testcase classname="tests.test_round58_anchored_value_run" name="test_placeholder_is_replaced_not_duplicated" time="0.025" /><testcase classname="tests.test_round58_anchored_value_run" name="test_actual_fact_text_retains_source_rule_id" time="0.035" /><testcase classname="tests.test_round58_anchored_value_run" name="test_r1_r2_anchor_uses_measured_bbox_not_a_nearby_rule" time="0.035" /><testcase classname="tests.test_round58_anchored_value_run" name="test_lot_name_not_found_generates_no_fake_text" time="0.030" /><testcase classname="tests.test_round58_anchored_value_run" name="test_no_invented_separator_between_name_and_number" time="0.049" /><testcase classname="tests.test_round58_anchored_value_run" name="test_no_trailing_blank_underline_after_project_number" time="0.017" /><testcase classname="tests.test_round58_anchored_value_run" name="test_r5_and_r6_emit_their_resolved_values_at_their_anchors" time="0.040" /><testcase classname="tests.test_round58_anchored_value_run" name="test_r4_r5_r6_geometry_unchanged" time="0.038" /><testcase classname="tests.test_round58_anchored_value_run" name="test_r5_r6_values_are_underlined" time="0.036" /><testcase classname="tests.test_round58_anchored_value_run" name="test_p45_r6_remains_valid_out_of_scope_provenance" time="0.039" /><testcase classname="tests.test_round58_exact_character_geometry" name="test_rawdict_exact_characters_populate_the_normalized_span" time="1.037" /><testcase classname="tests.test_round58_exact_character_geometry" name="test_rawdict_character_evidence_kind_is_exact" time="1.225" /><testcase classname="tests.test_round58_exact_character_geometry" name="test_exact_characters_concatenate_to_the_owning_run_text" time="2.317" /><testcase classname="tests.test_round58_exact_character_geometry" name="test_exact_character_geometry_survives_round_trip" time="2.834" /><testcase classname="tests.test_round58_exact_character_geometry" name="test_normalized_data_without_characters_still_loads" time="1.150" /><testcase classname="tests.test_round58_exact_character_geometry" name="test_source_run_without_exact_characters_is_valid" time="0.000" /><testcase classname="tests.test_round58_exact_character_geometry" name="test_synthetic_even_width_characters_are_marked_approximate" time="0.001" /><testcase classname="tests.test_round58_exact_character_geometry" name="test_approximate_characters_cannot_satisfy_an_exact_boundary_query" time="0.001" /><testcase classname="tests.test_round58_exact_character_geometry" name="test_exact_and_approximate_geometry_disagree_at_the_r3_boundary" time="1.169" /><testcase classname="tests.test_round58_exact_character_geometry" name="test_r3_start_boundary_resolves_from_the_production_model" time="0.952" /><testcase classname="tests.test_round58_exact_character_geometry" name="test_r3_end_boundary_resolves_from_the_production_model" time="1.073" /><testcase classname="tests.test_round58_exact_character_geometry" name="test_r3_split_resolves_to_the_expected_substrings" time="1.187" /><testcase classname="tests.test_round58_exact_character_geometry" name="test_r8_boundary_query_runs_without_activating_composition" time="1.307" /><testcase classname="tests.test_round58_exact_character_geometry" name="test_p44_r12_exposes_exact_evidence_and_is_composed_from_it" time="0.984" /><testcase classname="tests.test_round58_exact_character_geometry" name="test_exact_source_span_coverage_is_complete" time="0.019" /><testcase classname="tests.test_round58_exact_character_storage" name="test_compact_serialization_round_trips_exact_characters" time="3.790" /><testcase classname="tests.test_round58_exact_character_storage" name="test_bbox_values_are_stable_through_round_trip" time="3.123" /><testcase classname="tests.test_round58_exact_character_storage" name="test_persisted_artifact_is_compact_and_not_indented" time="0.068" /><testcase classname="tests.test_round58_exact_character_storage" name="test_persisted_artifact_retains_union_discriminators" time="1.714" /><testcase classname="tests.test_round58_exact_character_storage" name="test_omitted_default_evidence_kind_reloads_as_exact" time="0.001" /><testcase classname="tests.test_round58_exact_character_storage" name="test_non_null_origin_survives_serialization" time="1.862" /><testcase classname="tests.test_round58_exact_character_storage" name="test_null_origin_may_be_omitted_safely" time="0.001" /><testcase classname="tests.test_round58_exact_character_storage" name="test_approximate_evidence_kind_is_serialized_and_preserved" time="0.001" /><testcase classname="tests.test_round58_exact_character_storage" name="test_approximate_characters_survive_but_are_still_rejected" time="0.001" /><testcase classname="tests.test_round58_exact_character_storage" name="test_r3_boundary_result_unchanged_after_storage_change" time="0.991" /><testcase classname="tests.test_round58_exact_character_storage" name="test_r8_boundary_result_unchanged_after_storage_change" time="1.099" /><testcase classname="tests.test_round58_exact_character_storage" name="test_old_normalized_data_without_characters_still_loads" time="1.176" /><testcase classname="tests.test_round58_exact_character_storage" name="test_docx_source_without_characters_remains_valid" time="0.001" /><testcase classname="tests.test_round58_exact_character_storage" name="test_exact_source_span_coverage_is_complete" time="0.022" /><testcase classname="tests.test_round58_form_line_paragraph" name="test_source_form_line_paragraphs_created" time="0.019" /><testcase classname="tests.test_round58_form_line_paragraph" name="test_r5_and_r6_are_different_paragraphs" time="0.031" /><testcase classname="tests.test_round58_form_line_paragraph" name="test_no_run_break_separates_r5_and_r6" time="0.061" /><testcase classname="tests.test_round58_form_line_paragraph" name="test_r5_paragraph_owns_p42_r5_only" time="0.017" /><testcase classname="tests.test_round58_form_line_paragraph" name="test_r6_paragraph_owns_p42_r6_only" time="0.014" /><testcase classname="tests.test_round58_form_line_paragraph" name="test_first_line_indent_of_r5_cannot_affect_r6" time="0.027" /><testcase classname="tests.test_round58_form_line_paragraph" name="test_r5_and_r6_are_owner_driven_value_emissions" time="0.080" /><testcase classname="tests.test_round58_form_line_paragraph" name="test_r5_and_r6_paint_at_their_source_anchors" time="0.048" /><testcase classname="tests.test_round58_form_line_paragraph" name="test_r5_and_r6_values_use_their_own_natural_width" time="0.035" /><testcase classname="tests.test_round58_form_line_paragraph" name="test_r5_and_r6_representations_are_distinct" time="0.038" /><testcase classname="tests.test_round58_form_line_paragraph" name="test_p42_r4_stays_on_the_proven_path" time="0.029" /><testcase classname="tests.test_round58_form_line_paragraph" name="test_p42_r4_establishes_no_execution_owner" time="0.020" /><testcase classname="tests.test_round58_form_line_paragraph" name="test_p45_r6_remains_valid_out_of_scope_provenance" time="0.031" /><testcase classname="tests.test_round58_form_line_paragraph" name="test_p45_r6_establishes_no_execution_owner" time="0.016" /><testcase classname="tests.test_round58_form_line_paragraph" name="test_duplicate_source_rule_id_emission_count_is_zero" time="0.061" /><testcase classname="tests.test_round58_p3_slot_provenance" name="test_emitted_blank_records_carry_their_own_source_span" time="0.015" /><testcase classname="tests.test_round58_p3_slot_provenance" name="test_rule_5_and_rule_6_are_not_the_same_blank" time="0.014" /><testcase classname="tests.test_round58_p3_slot_provenance" name="test_rule_5_and_rule_6_request_different_leader_positions" time="0.011" /><testcase classname="tests.test_round58_p3_slot_provenance" name="test_source_rules_are_classified_as_underlines_not_gaps" time="0.002" /><testcase classname="tests.test_round58_p3_slot_provenance" name="test_rule_text_occupancy_separates_underline_from_gap" time="0.001" /><testcase classname="tests.test_round58_r7_composition" name="test_p42_r7_uses_source_rule_composition" time="0.014" /><testcase classname="tests.test_round58_r7_composition" name="test_composition_has_exactly_three_ordered_segments" time="0.017" /><testcase classname="tests.test_round58_r7_composition" name="test_segment_types_are_empty_text_empty" time="0.015" /><testcase classname="tests.test_round58_r7_composition" name="test_segment_union_equals_source_rule_interval" time="0.015" /><testcase classname="tests.test_round58_r7_composition" name="test_middle_segment_text_is_exactly_90" time="0.020" /><testcase classname="tests.test_round58_r7_composition" name="test_visible_90_occurs_exactly_once_in_the_slot" time="0.009" /><testcase classname="tests.test_round58_r7_composition" name="test_old_r7_run_underline_path_is_inactive" time="0.036" /><testcase classname="tests.test_round58_r7_composition" name="test_one_logical_rule_owns_the_three_segments" time="0.039" /><testcase classname="tests.test_round58_r7_composition" name="test_all_segments_retain_the_source_rule_id" time="0.023" /><testcase classname="tests.test_round58_r7_composition" name="test_each_segment_has_a_unique_composition_segment_id" time="0.018" /><testcase classname="tests.test_round58_r7_composition" name="test_duplicate_logical_rule_emission_count_is_zero" time="0.016" /><testcase classname="tests.test_round58_r7_composition" name="test_empty_segments_use_source_positioned_geometry" time="0.050" /><testcase classname="tests.test_round58_r7_composition" name="test_r7_overall_painted_union_matches_source" time="0.008" /><testcase classname="tests.test_round58_r7_composition" name="test_r7_segment_gaps_and_overlaps_are_negligible" time="0.008" /><testcase classname="tests.test_round58_r7_composition" name="test_r7_segment_geometry_matches_the_frozen_contract" time="0.007" /><testcase classname="tests.test_round58_r7_composition" name="test_r1_and_r2_anchors_remain_within_tolerance" time="0.052" /><testcase classname="tests.test_round58_r7_composition" name="test_r4_x0_and_x1_remain_within_tolerance" time="0.008" /><testcase classname="tests.test_round58_r7_composition" name="test_r5_and_r6_anchors_remain_within_tolerance" time="0.023" /><testcase classname="tests.test_round58_r7_composition" name="test_r5_and_r6_remain_separate_form_line_paragraphs" time="0.020" /><testcase classname="tests.test_round58_r7_composition" name="test_p45_r6_remains_valid_out_of_scope_provenance" time="0.016" /><testcase classname="tests.test_round58_r7_composition" name="test_composition_counts_as_one_represented_exact_span_rule" time="0.020" /><testcase classname="tests.test_round58_r7_composition" name="test_composed_rule_keeps_its_exact_source_span" time="0.047" /><testcase classname="tests.test_round58_rule_matcher_invariants" name="test_accounting_closes_for_a_perfect_match" time="0.001" /><testcase classname="tests.test_round58_rule_matcher_invariants" name="test_source_equals_matched_plus_lost" time="0.001" /><testcase classname="tests.test_round58_rule_matcher_invariants" name="test_generated_equals_matched_plus_invented" time="0.001" /><testcase classname="tests.test_round58_rule_matcher_invariants" name="test_displaced_match_is_not_counted_as_both_matched_and_lost" time="0.001" /><testcase classname="tests.test_round58_rule_matcher_invariants" name="test_one_generated_rule_cannot_match_two_source_rules" time="0.001" /><testcase classname="tests.test_round58_rule_matcher_invariants" name="test_raw_counts_record_the_folded_inventory" time="0.001" /><testcase classname="tests.test_round58_rule_matcher_invariants" name="test_every_source_and_generated_rule_appears_exactly_once" time="0.001" /><testcase classname="tests.test_round58_rule_matcher_invariants" name="test_accounting_checker_rejects_an_inconsistent_report" time="0.001" /><testcase classname="tests.test_round58_rule_matcher_invariants" name="test_mandatory_invariants_are_declared" time="0.000" /><testcase classname="tests.test_round59_source_evidence_generalization" name="test_composition_split_keeps_a_glyph_the_character_stream_index_misplaces" time="0.001" /><testcase classname="tests.test_round59_source_evidence_generalization" name="test_composition_split_without_the_stream_shift_keeps_the_same_glyphs" time="0.001" /><testcase classname="tests.test_round59_source_evidence_generalization" name="test_composition_split_fails_closed_when_the_streams_disagree_on_length" time="0.000" /><testcase classname="tests.test_round59_source_evidence_generalization" name="test_preceding_container_label_is_row_scoped" time="0.001" /><testcase classname="tests.test_round59_source_evidence_generalization" name="test_preceding_container_on_the_same_row_is_still_evidence" time="0.001" /><testcase classname="tests.test_round59_source_evidence_generalization" name="test_cell_text_normalization_ignores_wrapping_only" time="0.000" /><testcase classname="tests.test_round59_source_evidence_generalization" name="test_a_label_that_ends_the_wrapped_row_above_is_offered_as_evidence" time="0.001" /><testcase classname="tests.test_round59_source_evidence_generalization" name="test_a_label_that_ends_its_own_sentence_is_not_carried_across_the_wrap" time="0.001" /><testcase classname="tests.test_round59_source_evidence_generalization" name="test_a_label_terminator_row_is_not_carried_across_the_wrap" time="0.001" /><testcase classname="tests.test_round59_source_evidence_generalization" name="test_a_far_row_above_is_not_carried_across_the_wrap" time="0.001" /><testcase classname="tests.test_round59_source_evidence_generalization" name="test_a_wrapped_label_binds_a_resolved_value_into_the_fixed_slot" time="0.002" /><testcase classname="tests.test_round59_source_evidence_generalization" name="test_a_wrapped_label_for_an_unresolved_field_stays_a_fixed_empty_slot" time="0.001" /><testcase classname="tests.test_round59_source_evidence_generalization" name="test_a_wrapped_label_ending_its_own_sentence_does_not_bind" time="0.001" /><testcase classname="tests.test_round59_source_evidence_generalization" name="test_a_wrapped_label_terminator_does_not_bind" time="0.001" /><testcase classname="tests.test_round59_source_evidence_generalization" name="test_audit_pairs_logical_tables_by_document_order_and_counts_cells" time="0.011" /><testcase classname="tests.test_round59_source_evidence_generalization" name="test_audit_reports_lost_and_invented_cells" time="0.014" /><testcase classname="tests.test_round59_source_evidence_generalization" name="test_audit_reports_a_duplicated_cell" time="0.016" /><testcase classname="tests.test_round59_source_evidence_generalization" name="test_generated_cell_carrying_whole_source_cells_is_aggregated_not_invented" time="0.015" /><testcase classname="tests.test_round59_source_evidence_generalization" name="test_generated_cell_with_no_source_content_is_invented" time="0.015" /><testcase classname="tests.test_round59_source_evidence_generalization" name="test_recorded_resolved_fill_is_not_reported_as_invented" time="0.015" /><testcase classname="tests.test_round59_source_evidence_generalization" name="test_a_value_that_is_neither_source_nor_recorded_fill_is_invented" time="0.011" /><testcase classname="tests.test_round59_source_evidence_generalization" name="test_short_source_marker_is_lost_when_no_generated_cell_carries_it" time="0.015" /><testcase classname="tests.test_round59_source_evidence_generalization" name="test_audit_pairs_each_logical_table_with_its_own_document_order_table" time="0.015" /><testcase classname="tests.test_round60_composition_coverage" name="test_covered_range_is_the_container_text_index_of_the_glyphs_it_names" time="0.001" /><testcase classname="tests.test_round60_composition_coverage" name="test_a_run_shortened_by_the_container_offset_moves_the_covered_range" time="0.000" /><testcase classname="tests.test_round60_composition_coverage" name="test_covered_range_is_contiguous_and_lies_in_the_container_text" time="0.001" /><testcase classname="tests.test_round60_composition_coverage" name="test_re_emitted_tail_stays_in_the_compositions_own_paragraph" time="0.014" /><testcase classname="tests.test_round60_composition_coverage" name="test_restore_replaces_the_rule_characters_with_one_token" time="0.001" /><testcase classname="tests.test_round60_form_line_hard_break" name="test_a_same_row_label_and_blank_emit_no_hard_break" time="0.017" /><testcase classname="tests.test_round60_form_line_hard_break" name="test_a_same_row_label_and_blank_stay_one_paragraph" time="0.019" /><testcase classname="tests.test_round60_form_line_hard_break" name="test_the_source_rule_span_is_the_emitted_tab_span" time="0.064" /><testcase classname="tests.test_round60_form_line_hard_break" name="test_a_rule_ahead_of_the_cursor_is_reached_by_an_anchor_then_a_leader" time="0.013" /><testcase classname="tests.test_round60_form_line_hard_break" name="test_every_emitted_tab_stop_is_ahead_of_the_cursor" time="0.012" /><testcase classname="tests.test_round60_form_line_hard_break" name="test_a_rule_the_cursor_has_passed_opens_its_own_form_line" time="0.014" /><testcase classname="tests.test_round60_form_line_hard_break" name="test_a_natural_wrap_is_never_turned_into_a_hard_break[0.0]" time="0.014" /><testcase classname="tests.test_round60_form_line_hard_break" name="test_a_natural_wrap_is_never_turned_into_a_hard_break[1.0]" time="0.016" /><testcase classname="tests.test_round60_form_line_hard_break" name="test_a_natural_wrap_is_never_turned_into_a_hard_break[5.0]" time="0.014" /><testcase classname="tests.test_round60_form_line_hard_break" name="test_a_natural_wrap_is_never_turned_into_a_hard_break[40.0]" time="0.015" /><testcase classname="tests.test_round60_form_line_hard_break" name="test_a_natural_wrap_is_never_turned_into_a_hard_break[120.0]" time="0.013" /><testcase classname="tests.test_round60_form_line_hard_break" name="test_the_decision_is_geometry_and_not_the_label_text" time="0.053" /><testcase classname="tests.test_round60_form_line_hard_break" name="test_a_source_explicit_newline_keeps_the_explicit_representation" time="0.014" /><testcase classname="tests.test_round60_form_line_hard_break" name="test_no_case_keeps_a_form_line_break_it_could_have_reached[case_001]" time="0.086" /><testcase classname="tests.test_round60_form_line_hard_break" name="test_no_case_keeps_a_form_line_break_it_could_have_reached[case_002]" time="0.018" /><testcase classname="tests.test_round60_form_line_hard_break" name="test_no_case_keeps_a_form_line_break_it_could_have_reached[case_003]" time="0.026" /><testcase classname="tests.test_round61_atomic_execution_binding" name="test_the_delivered_case001_composite_validates_atom_by_atom" time="0.017" /><testcase classname="tests.test_round61_atomic_execution_binding" name="test_the_delivered_composite_is_not_equal_to_any_single_fact_value" time="0.021" /><testcase classname="tests.test_round61_atomic_execution_binding" name="test_the_p21_sibling_composite_validates_without_creating_a_fact" time="0.014" /><testcase classname="tests.test_round61_atomic_execution_binding" name="test_an_ordinary_single_fact_slot_still_requires_exact_equality" time="0.000" /><testcase classname="tests.test_round61_atomic_execution_binding" name="test_a_single_fact_slot_cannot_be_bound_to_a_fact_it_never_declared" time="0.000" /><testcase classname="tests.test_round61_atomic_execution_binding" name="test_a_non_composite_surface_that_is_not_a_fact_falls_back_and_fails" time="0.001" /><testcase classname="tests.test_round61_atomic_execution_binding" name="test_the_known_good_composite_is_the_control_case" time="0.000" /><testcase classname="tests.test_round61_atomic_execution_binding" name="test_negative_a_fact_value_that_differs_from_project_facts_fails" time="0.000" /><testcase classname="tests.test_round61_atomic_execution_binding" name="test_negative_a_literal_without_source_evidence_fails" time="0.000" /><testcase classname="tests.test_round61_atomic_execution_binding" name="test_negative_a_presentation_marker_classified_as_a_fact_fails" time="0.000" /><testcase classname="tests.test_round61_atomic_execution_binding" name="test_negative_an_unresolved_fact_cannot_be_promoted_by_a_marker" time="0.000" /><testcase classname="tests.test_round61_atomic_execution_binding" name="test_negative_a_marker_over_a_resolved_fact_fails" time="0.000" /><testcase classname="tests.test_round61_atomic_execution_binding" name="test_negative_a_missing_atom_provenance_fails" time="0.000" /><testcase classname="tests.test_round61_atomic_execution_binding" name="test_negative_an_unclassified_component_fails" time="0.000" /><testcase classname="tests.test_round61_atomic_execution_binding" name="test_negative_a_duplicated_fact_execution_fails" time="0.000" /><testcase classname="tests.test_round61_atomic_execution_binding" name="test_negative_an_extra_atom_the_source_never_printed_fails" time="0.000" /><testcase classname="tests.test_round61_atomic_execution_binding" name="test_negative_a_reconstruction_that_does_not_reproduce_the_surface_fails" time="0.000" /><testcase classname="tests.test_round61_atomic_execution_binding" name="test_negative_a_presentation_for_a_different_surface_fails" time="0.000" /><testcase classname="tests.test_round61_atomic_execution_binding" name="test_negative_a_fact_outside_the_permitted_field_set_fails" time="0.000" /><testcase classname="tests.test_round61_atomic_execution_binding" name="test_decoration_never_reclassifies_an_atom" time="0.000" /><testcase classname="tests.test_round61_atomic_execution_binding" name="test_a_literal_and_a_marker_may_be_underlined_and_stay_non_facts" time="0.000" /><testcase classname="tests.test_round62_review_workbook" name="test_delivered_sheet_stays_first_and_views_are_appended" time="0.414" /><testcase classname="tests.test_round62_review_workbook" name="test_not_found_fact_shows_marker_and_never_a_value" time="0.535" /><testcase classname="tests.test_round62_review_workbook" name="test_needs_review_fact_keeps_its_candidates_visible" time="0.485" /><testcase classname="tests.test_round62_review_workbook" name="test_resolved_fact_value_and_locator_equal_project_facts" time="0.430" /><testcase classname="tests.test_round62_review_workbook" name="test_manual_columns_start_unreviewed_with_a_dropdown" time="0.480" /><testcase classname="tests.test_round62_review_workbook" name="test_no_formula_reads_a_manual_column" time="0.459" /><testcase classname="tests.test_round62_review_workbook" name="test_dashboard_counts_are_formulas_over_the_views" time="0.481" /><testcase classname="tests.test_round62_review_workbook" name="test_star_marks_only_veto_rows" time="0.449" /><testcase classname="tests.test_round62_review_workbook" name="test_requirement_text_action_and_criteria_are_separate_columns" time="0.481" /><testcase classname="tests.test_round62_review_workbook" name="test_price_rows_come_from_the_source_table_and_are_not_computed" time="0.526" /><testcase classname="tests.test_round62_review_workbook" name="test_budget_and_max_price_stay_separate_rows" time="0.583" /><testcase classname="tests.test_round62_review_workbook" name="test_blank_price_form_is_reported_not_invented" time="0.420" /><testcase classname="tests.test_round62_review_workbook" name="test_evidence_index_deduplicates_locators" time="0.426" /><testcase classname="tests.test_round62_review_workbook" name="test_exceptions_list_only_open_items" time="0.570" /><testcase classname="tests.test_round62_review_workbook" name="test_structure_view_lists_the_source_headings" time="0.436" /><testcase classname="tests.test_round62_review_workbook" name="test_a_manual_value_never_changes_a_machine_column" time="0.607" /><testcase classname="tests.test_round62_review_workbook" name="test_many_review_rows_keep_the_workbook_structurally_sound" time="8.973" /><testcase classname="tests.test_round62_review_workbook" name="test_every_view_row_has_a_review_conclusion_column[01_\u9879\u76ee\u4e8b\u5b9e]" time="0.470" /><testcase classname="tests.test_round62_review_workbook" name="test_every_view_row_has_a_review_conclusion_column[02_\u5173\u952e\u6761\u6b3e]" time="0.805" /><testcase classname="tests.test_round62_review_workbook" name="test_every_view_row_has_a_review_conclusion_column[03_\u8d44\u683c\u5426\u51b3\u4e0e\u5f3a\u5236\u9879]" time="0.475" /><testcase classname="tests.test_round62_review_workbook" name="test_every_view_row_has_a_review_conclusion_column[04_\u62a5\u4ef7\u4e0e\u9650\u4ef7]" time="0.513" /><testcase classname="tests.test_round62_review_workbook" name="test_every_view_row_has_a_review_conclusion_column[05_\u6587\u4ef6\u7ed3\u6784\u4e0e\u7b7e\u7ae0]" time="0.481" /><testcase classname="tests.test_round62_review_workbook" name="test_every_view_row_has_a_review_conclusion_column[06_\u51b2\u7a81\u4e0e\u7f3a\u5931]" time="0.457" /><testcase classname="tests.test_round62_review_workbook" name="test_every_view_row_has_a_review_conclusion_column[07_\u8bc1\u636e\u7d22\u5f15]" time="0.494" /><testcase classname="tests.test_round63_review_point_synthesis" name="test_four_semantics_are_distinct_and_non_empty" time="0.002" /><testcase classname="tests.test_round63_review_point_synthesis" name="test_source_requirement_is_quoted_not_invented" time="0.001" /><testcase classname="tests.test_round63_review_point_synthesis" name="test_review_checks_are_observable" time="0.001" /><testcase classname="tests.test_round63_review_point_synthesis" name="test_numbers_carry_a_semantic_role" time="0.001" /><testcase classname="tests.test_round63_review_point_synthesis" name="test_locator_numbers_are_not_values" time="0.001" /><testcase classname="tests.test_round63_review_point_synthesis" name="test_no_theme_never_owns_a_price_or_contact_number" time="0.001" /><testcase classname="tests.test_round63_review_point_synthesis" name="test_platform_fee_is_never_a_review_value" time="0.001" /><testcase classname="tests.test_round63_review_point_synthesis" name="test_fee_only_row_is_not_a_review_point" time="0.000" /><testcase classname="tests.test_round63_review_point_synthesis" name="test_value_role_must_match_the_row_type" time="0.001" /><testcase classname="tests.test_round63_review_point_synthesis" name="test_unrelated_values_are_not_collected" time="0.001" /><testcase classname="tests.test_round63_review_point_synthesis" name="test_summary_quote_is_not_contamination" time="0.001" /><testcase classname="tests.test_round63_review_point_synthesis" name="test_generic_boilerplate_is_dropped_from_the_synthesized_lines" time="0.001" /><testcase classname="tests.test_round63_review_point_synthesis" name="test_consequence_needs_a_source_marker" time="0.001" /><testcase classname="tests.test_round63_review_point_synthesis" name="test_purchaser_internal_procedure_is_not_a_review_point" time="0.001" /><testcase classname="tests.test_round63_review_point_synthesis" name="test_bidder_obligation_keeps_the_row" time="0.000" /><testcase classname="tests.test_round63_review_point_synthesis" name="test_high_risk_internal_clause_keeps_its_row" time="0.001" /><testcase classname="tests.test_round63_review_point_synthesis" name="test_fee_only_group_is_filterable" time="0.000" /><testcase classname="tests.test_round63_review_point_synthesis" name="test_delivered_row_is_the_rendered_review_point" time="0.045" /><testcase classname="tests.test_round63_review_point_synthesis" name="test_no_historical_status_is_copied" time="0.001" /><testcase classname="tests.test_round63_review_point_synthesis" name="test_review_point_round_trips_as_plain_data" time="0.001" /><testcase classname="tests.test_round63_review_point_synthesis" name="test_every_type_renders_a_usable_cell[PRICING-\u6700\u9ad8\u9650\u4ef7\u4e0e\u63a7\u5236\u4ef7-\u6295\u6807\u62a5\u4ef7\u4e0d\u5f97\u8d85\u8fc7\u6700\u9ad8\u9650\u4ef7 3100000 \u5143\u3002]" time="0.001" /><testcase classname="tests.test_round63_review_point_synthesis" name="test_every_type_renders_a_usable_cell[BOND-\u4fdd\u8bc1\u91d1\u91d1\u989d-\u6295\u6807\u4fdd\u8bc1\u91d1\u4e3a\u4eba\u6c11\u5e01 20000 \u5143\u3002]" time="0.001" /><testcase classname="tests.test_round63_review_point_synthesis" name="test_every_type_renders_a_usable_cell[VALIDITY-\u6295\u6807\u6709\u6548\u671f-\u6295\u6807\u6709\u6548\u671f\u4e3a 90 \u65e5\u5386\u5929\u3002]" time="0.001" /><testcase classname="tests.test_round63_review_point_synthesis" name="test_every_type_renders_a_usable_cell[DURATION-\u5de5\u671f\u4e0e\u4ea4\u4ed8\u65f6\u95f4-\u4f9b\u8d27\u671f\u4e3a 30 \u65e5\u5386\u5929\u3002]" time="0.001" /><testcase classname="tests.test_round63_review_point_synthesis" name="test_every_type_renders_a_usable_cell[SIGNATURE-\u7b7e\u5b57\u76d6\u7ae0\u8981\u6c42-\u54cd\u5e94\u6587\u4ef6\u5e94\u7531\u6cd5\u5b9a\u4ee3\u8868\u4eba\u6216\u6388\u6743\u4ee3\u7406\u4eba\u7b7e\u5b57\u5e76\u52a0\u76d6\u516c\u7ae0\u3002]" time="0.001" /><testcase classname="tests.test_round63_review_point_synthesis" name="test_every_type_renders_a_usable_cell[SUBMISSION-\u9012\u4ea4\u65b9\u5f0f\u4e0e\u622a\u6b62\u65f6\u95f4-\u54cd\u5e94\u6587\u4ef6\u5e94\u5728\u622a\u6b62\u65f6\u95f4\u524d\u4e0a\u4f20\u81f3\u7535\u5b50\u5e73\u53f0\u3002]" time="0.001" /><testcase classname="tests.test_source_format_fidelity" name="test_pdf_font_span_metadata_and_geometry_are_retained" time="0.081" /><testcase classname="tests.test_source_format_fidelity" name="test_pdf_vector_rules_are_retained_for_form_lines" time="0.018" /><testcase classname="tests.test_source_format_fidelity" name="test_source_paragraph_alignment_and_line_geometry_are_retained" time="0.001" /><testcase classname="tests.test_source_format_fidelity" name="test_fill_slot_detection_covers_underline_whitespace_parenthetical_and_date" time="0.002" /><testcase classname="tests.test_source_format_fidelity" name="test_underline_fill_inherits_source_run_style_without_heading_leak" time="0.047" /><testcase classname="tests.test_source_format_fidelity" name="test_blank_space_fill_keeps_source_fixed_unit_once" time="0.051" /><testcase classname="tests.test_source_format_fidelity" name="test_parenthetical_fill_is_constrained_to_resolved_fact" time="0.047" /><testcase classname="tests.test_source_format_fidelity" name="test_table_cell_fill_preserves_fixed_template_value" time="0.046" /><testcase classname="tests.test_source_format_fidelity" name="test_multiline_table_cell_spans_keep_source_line_breaks" time="0.054" /><testcase classname="tests.test_source_format_fidelity" name="test_fixed_table_value_does_not_create_a_later_remark_slot" time="0.001" /><testcase classname="tests.test_source_format_fidelity" name="test_table_chrome_span_is_removed_without_deleting_real_cell_text" time="0.001" /><testcase classname="tests.test_source_format_fidelity" name="test_table_merge_width_and_height_are_retained" time="0.052" /><testcase classname="tests.test_source_format_fidelity" name="test_unknown_fact_and_bidder_specific_placeholder_stay_source_unchanged" time="0.102" /><testcase classname="tests.test_source_format_fidelity" name="test_pdf_chrome_detection_is_repetition_and_geometry_bound" time="0.001" /><testcase classname="tests.test_source_format_fidelity" name="test_page_break_and_mixed_page_section_count_are_preserved" time="0.062" /><testcase classname="tests.test_source_format_fidelity" name="test_source_rule_is_emitted_as_a_positioned_editable_line" time="0.046" /><testcase classname="tests.test_source_format_fidelity" name="test_font_repair_is_recorded_in_generation_report" time="0.046" /><testcase classname="tests.test_v09_vertical_reflow_contract" name="test_fitting_source_line_earns_no_reflow_budget" time="0.001" /><testcase classname="tests.test_v09_vertical_reflow_contract" name="test_two_required_lines_earn_exactly_one_extra_line" time="0.000" /><testcase classname="tests.test_v09_vertical_reflow_contract" name="test_three_required_lines_earn_exactly_two_extra_lines" time="0.000" /><testcase classname="tests.test_v09_vertical_reflow_contract" name="test_wide_continuation_capacity_is_measured_separately" time="0.000" /><testcase classname="tests.test_v09_vertical_reflow_contract" name="test_generated_extra_row_without_justification_is_unexplained" time="0.000" /><testcase classname="tests.test_v09_vertical_reflow_contract" name="test_blank_row_never_receives_reflow_budget" time="0.000" /><testcase classname="tests.test_v09_vertical_reflow_contract" name="test_cumulative_reflow_moves_only_rows_below_it" time="0.000" /><testcase classname="tests.test_v09_vertical_reflow_contract" name="test_each_source_logical_row_receives_one_adjusted_target" time="0.003" /><testcase classname="tests.test_v09_vertical_reflow_contract" name="test_expansion_reason_matches_the_measured_cause" time="0.002" /><testcase classname="tests.test_v09_vertical_reflow_contract" name="test_raw_source_y_difference_is_preserved_in_the_report" time="0.003" /><testcase classname="tests.test_v09_vertical_reflow_contract" name="test_residual_tolerance_remains_two_points" time="0.003" /><testcase classname="tests.test_v09_vertical_reflow_contract" name="test_no_larger_global_vertical_tolerance_is_introduced" time="0.004" /><testcase classname="tests.test_v09_vertical_reflow_contract" name="test_backward_anchor_impossibility_authorises_isolation" time="0.001" /><testcase classname="tests.test_v09_vertical_reflow_contract" name="test_isolation_without_proof_earns_no_budget" time="0.000" /><testcase classname="tests.test_v09_vertical_reflow_contract" name="test_region_forcings_are_all_proven" time="0.002" /><testcase classname="tests.test_v09_vertical_reflow_contract" name="test_horizontal_contract_is_still_eight_of_eight" time="0.004" /><testcase classname="tests.test_v09_vertical_reflow_contract" name="test_p3_semantic_rows_are_still_eight_of_eight" time="0.002" /><testcase classname="tests.test_v09_vertical_reflow_contract" name="test_execution_ownership_is_unchanged" time="0.003" /><testcase classname="tests.test_v09_vertical_reflow_contract" name="test_source_line_assembly_is_unchanged" time="0.003" /><testcase classname="tests.test_v09_vertical_reflow_contract" name="test_live_region_plan_is_non_circular_and_fully_accounted" time="0.203" /><testcase classname="tests.test_v09_vertical_reflow_contract" name="test_final_preview_report_repeats_the_gate_verdicts" time="0.004" /><testcase classname="tests.test_v1_manual_layout_fidelity_gate" name="test_a_conforming_document_passes_every_check" time="0.001" /><testcase classname="tests.test_v1_manual_layout_fidelity_gate" name="test_a_sparse_page_that_moves_the_frame_fails_the_spread_check" time="0.000" /><testcase classname="tests.test_v1_manual_layout_fidelity_gate" name="test_a_frame_not_backed_by_a_repeated_text_edge_fails[left0-right0]" time="0.001" /><testcase classname="tests.test_v1_manual_layout_fidelity_gate" name="test_a_frame_not_backed_by_a_repeated_text_edge_fails[left1-right1]" time="0.000" /><testcase classname="tests.test_v1_manual_layout_fidelity_gate" name="test_a_frame_not_backed_by_a_repeated_text_edge_fails[left2-right2]" time="0.000" /><testcase classname="tests.test_v1_manual_layout_fidelity_gate" name="test_a_frame_from_centring_symmetry_is_accepted" time="0.000" /><testcase classname="tests.test_v1_manual_layout_fidelity_gate" name="test_a_drifting_centered_heading_fails" time="0.000" /><testcase classname="tests.test_v1_manual_layout_fidelity_gate" name="test_a_wrapped_source_one_line_heading_fails" time="0.000" /><testcase classname="tests.test_v1_manual_layout_fidelity_gate" name="test_a_source_row_split_across_two_generated_lines_fails" time="0.000" /><testcase classname="tests.test_v1_manual_layout_fidelity_gate" name="test_an_unmeasured_source_row_is_reported_not_failed" time="0.000" /><testcase classname="tests.test_v1_manual_layout_fidelity_gate" name="test_a_blank_page_fails" time="0.000" /><testcase classname="tests.test_v1_manual_layout_fidelity_gate" name="test_a_page_on_a_private_frame_fails_the_grouping_check" time="0.000" /><testcase classname="tests.test_v1_manual_layout_fidelity_gate" name="test_a_table_clamped_to_the_text_column_fails" time="0.000" /><testcase classname="tests.test_v1_manual_layout_fidelity_gate" name="test_table_check_tolerates_border_stroke_only" time="0.000" /><testcase classname="tests.test_v1_manual_layout_fidelity_gate" name="test_frame_checks_do_not_mutate_the_audit" time="0.000" /><testcase classname="tests.test_v1_manual_layout_fidelity_gate" name="test_frame_spread_tolerance_is_strict" time="0.000" /><testcase classname="tests.test_v1_p21_manual_review_followup" name="test_a_slot_bound_rule_decorates_the_value_that_replaces_its_placeholder" time="0.001" /><testcase classname="tests.test_v1_p21_manual_review_followup" name="test_only_a_value_replacing_binding_authorises_the_inheritance" time="0.000" /><testcase classname="tests.test_v1_p21_manual_review_followup" name="test_prose_outside_the_slot_is_never_an_underline_owner" time="0.001" /><testcase classname="tests.test_v1_p21_manual_review_followup" name="test_the_absent_component_marker_shares_the_slot_without_becoming_a_fact" time="0.001" /><testcase classname="tests.test_v1_p21_manual_review_followup" name="test_first_row_right_of_the_wrapped_rows_is_a_first_line_indent" time="0.000" /><testcase classname="tests.test_v1_p21_manual_review_followup" name="test_first_row_left_of_the_wrapped_rows_is_a_hanging_indent" time="0.000" /><testcase classname="tests.test_v1_p21_manual_review_followup" name="test_rows_in_one_column_claim_no_special_first_line_indent" time="0.000" /><testcase classname="tests.test_v1_p21_manual_review_followup" name="test_a_centred_line_is_not_read_as_a_first_line_indent" time="0.001" /><testcase classname="tests.test_v1_p21_manual_review_followup" name="test_wrapped_numbered_paragraph_keeps_the_source_continuation_column" time="0.393" /><testcase classname="tests.test_v1_p21_manual_review_followup" name="test_a_single_row_paragraph_uses_its_container_measured_body_boundary" time="0.570" /><testcase classname="tests.test_v1_p21_manual_review_followup" name="test_a_hanging_source_paragraph_is_delivered_as_a_hanging_indent" time="0.410" /><testcase classname="tests.test_v1_p21_manual_review_followup" name="test_no_paragraph_is_given_an_indent_its_own_rows_contradict" time="0.449" /><testcase classname="tests.test_v1_p21_structural_gate" name="test_a_composite_slot_is_found_from_its_component_provenance" time="0.001" /><testcase classname="tests.test_v1_p21_structural_gate" name="test_a_value_without_the_source_marker_is_not_a_composite_slot" time="0.000" /><testcase classname="tests.test_v1_p21_structural_gate" name="test_a_marker_without_a_resolved_value_is_not_a_composite_slot" time="0.001" /><testcase classname="tests.test_v1_p21_structural_gate" name="test_the_four_underline_states_are_distinguishable" time="0.000" /><testcase classname="tests.test_v1_p21_structural_gate" name="test_the_delivered_build_satisfies_the_structural_gate" time="0.182" /><testcase classname="tests.test_v1_p21_structural_gate" name="test_the_audited_page_carries_a_first_line_indent_per_paragraph" time="0.162" /><testcase classname="tests.test_v1_p21_structural_gate" name="test_a_gate_verdict_is_read_as_the_token_the_gate_uses" time="0.000" /><testcase classname="tests.test_v1_p21_structural_gate" name="test_the_checklist_restates_the_gate_measurements_as_review_steps" time="0.000" /><testcase classname="tests.test_v1_p21_structural_gate" name="test_the_checklist_says_nothing_when_the_gate_measured_nothing" time="0.000" /><testcase classname="tests.test_word_ooxml_integrity" name="test_normal_python_docx_package_is_well_formed_and_reopens" time="0.174" /><testcase classname="tests.test_word_ooxml_integrity" name="test_deep_forensic_inspector_passes_normal_package" time="0.300" /><testcase classname="tests.test_word_ooxml_integrity" name="test_deep_forensic_inspector_catches_schema_order_and_direct_break" time="0.281" /><testcase classname="tests.test_word_ooxml_integrity" name="test_deep_forensic_inspector_catches_invalid_xml_control_character" time="0.282" /><testcase classname="tests.test_word_ooxml_integrity" name="test_scanner_catches_legacy_floating_table_property_order" time="0.138" /><testcase classname="tests.test_word_ooxml_integrity" name="test_word_com_normal_open_gate_when_enabled" time="0.000"><skipped type="pytest.skip" message="desktop Word COM gate is run explicitly on the Windows acceptance host">D:\PyCharmProjects\WBTenderSkill\tests\test_word_ooxml_integrity.py:136: desktop Word COM gate is run explicitly on the Windows acceptance host</skipped></testcase><testcase classname="tests.test_word_safe_builder" name="test_clean_document_bootstrap_and_no_prior_docx_load" time="0.803" /><testcase classname="tests.test_word_safe_builder" name="test_production_has_no_arbitrary_xml_or_relationship_authoring" time="0.109" /><testcase classname="tests.test_word_safe_builder" name="test_canary_all_production_constructs" time="0.740" /><testcase classname="tests.test_word_safe_builder" name="test_safe_filling_preserves_source_slot[\u9879\u76ee\u540d\u79f0\uff1a________-\u8131\u654f\u5de5\u7a0b-\u9879\u76ee\u540d\u79f0\uff1a\u8131\u654f\u5de5\u7a0b]" time="0.767" /><testcase classname="tests.test_word_safe_builder" name="test_safe_filling_preserves_source_slot[\uff08\u9879\u76ee\u540d\u79f0\uff09-\u8131\u654f\u5de5\u7a0b-\u8131\u654f\u5de5\u7a0b]" time="0.903" /><testcase classname="tests.test_word_safe_builder" name="test_safe_filling_preserves_source_slot[\u4f9b\u8d27\u671f        \u65e5\u5386\u5929-90\u65e5\u5386\u5929-\u4f9b\u8d27\u671f90\u65e5\u5386\u5929]" time="0.703" /><testcase classname="tests.test_word_safe_builder" name="test_unknown_and_fixed_and_bidder_slots_untouched" time="0.439" /><testcase classname="tests.test_word_safe_builder" name="test_table_slot_fixed_value_widths_and_heights" time="0.377" /><testcase classname="tests.test_word_safe_builder" name="test_merge_duplicate_rectangles_once_but_distinct_content_degrades" time="0.689" /><testcase classname="tests.test_word_safe_builder" name="test_watermark_text_does_not_remove_same_text_from_cover" time="0.001" /><testcase classname="tests.test_word_safe_builder" name="test_forbidden_construct_is_rejected[&lt;w:tblpPr/&gt;]" time="0.780" /><testcase classname="tests.test_word_safe_builder" name="test_forbidden_construct_is_rejected[&lt;w:br/&gt;]" time="0.668" /><testcase classname="tests.test_word_safe_builder" name="test_forbidden_construct_is_rejected[&lt;w:p&gt;&lt;w:fldSimple w:instr=&quot;TEST&quot;/&gt;&lt;/w:p&gt;]" time="0.659" /><testcase classname="tests.test_word_safe_builder" name="test_forbidden_construct_is_rejected[&lt;w:p&gt;&lt;w:r&gt;&lt;w:pict/&gt;&lt;/w:r&gt;&lt;/w:p&gt;]" time="0.778" /></testsuite></testsuites>