<?xml version="1.0" encoding="utf-8"?><testsuites name="pytest tests"><testsuite name="pytest" errors="0" failures="0" skipped="1" tests="216" time="36.805" timestamp="2026-09-15T16:50:58.252384+08:00" hostname="LAPTOP-SM89OMIU"><testcase classname="tests.test_apply_resolution" name="test_select_existing_candidate_and_keep_original_unchanged" time="0.001" /><testcase classname="tests.test_apply_resolution" name="test_keep_unresolved_does_not_change_field" time="0.001" /><testcase classname="tests.test_apply_resolution" name="test_invalid_candidate_index_is_rejected" time="0.001" /><testcase classname="tests.test_apply_resolution" name="test_only_needs_review_can_be_modified[RESOLVED]" time="0.001" /><testcase classname="tests.test_apply_resolution" name="test_only_needs_review_can_be_modified[NOT_FOUND]" time="0.001" /><testcase classname="tests.test_apply_resolution" name="test_free_text_value_and_unknown_action_are_rejected" time="0.000" /><testcase classname="tests.test_apply_resolution" name="test_resolution_contract_rejects_missing_or_inconsistent_payload" time="0.000" /><testcase classname="tests.test_apply_resolution" name="test_other_fields_and_candidate_evidence_are_not_changed" time="0.001" /><testcase classname="tests.test_apply_resolution" name="test_cli_writes_reviewed_facts_and_audit_without_overwriting_original" time="0.010" /><testcase classname="tests.test_apply_resolution" name="test_reviewed_project_facts_schema_and_outputs_are_valid" time="0.314" /><testcase classname="tests.test_apply_resolution" name="test_generated_resolution_schema_matches_pydantic_contract" time="0.003" /><testcase classname="tests.test_bid_document_builder" name="test_bid_document_is_readable_and_contains_basic_information_table" time="0.109" /><testcase classname="tests.test_bid_document_builder" name="test_bid_document_preserves_status_placeholders_and_separate_numbers" time="0.092" /><testcase classname="tests.test_bid_document_builder" name="test_bid_document_contains_only_the_basic_skeleton_sections" time="0.101" /><testcase classname="tests.test_bid_document_builder" name="test_bid_builder_requires_project_facts_ssot" time="0.003" /><testcase classname="tests.test_bid_document_builder" name="test_source_format_becomes_the_primary_bid_document_skeleton" time="0.084" /><testcase classname="tests.test_bid_document_builder" name="test_source_format_without_fact_values_does_not_override_project_facts" time="0.057" /><testcase classname="tests.test_bid_document_builder" name="test_pdf_source_format_rebuilds_tables_and_fills_only_tender_placeholders" time="0.040" /><testcase classname="tests.test_delivery_qa" name="test_complete_consistent_output_is_pass" time="0.370" /><testcase classname="tests.test_delivery_qa" name="test_review_and_not_found_are_pass_with_review" time="0.639" /><testcase classname="tests.test_delivery_qa" name="test_xlsx_primary_template_sheet_is_required" time="0.306" /><testcase classname="tests.test_delivery_qa" name="test_xlsx_template_merged_cells_are_required" time="0.543" /><testcase classname="tests.test_delivery_qa" name="test_top_number_and_amount_fields_cannot_be_exchanged" time="0.694" /><testcase classname="tests.test_delivery_qa" name="test_procurement_method_does_not_fill_submission_method" time="0.635" /><testcase classname="tests.test_delivery_qa" name="test_manual_template_fields_cannot_be_guessed" time="0.698" /><testcase classname="tests.test_delivery_qa" name="test_corrupt_docx_is_fail" time="0.580" /><testcase classname="tests.test_delivery_qa" name="test_invalid_project_facts_contract_is_fail" time="0.606" /><testcase classname="tests.test_delivery_qa" name="test_docx_resolved_value_corruption_is_fail" time="0.662" /><testcase classname="tests.test_delivery_qa" name="test_source_format_metadata_and_heading_order_are_qa_checked" time="0.711" /><testcase classname="tests.test_delivery_qa" name="test_fabricated_bidder_and_submission_ready_status_are_failures" time="0.620" /><testcase classname="tests.test_delivery_qa" name="test_qa_cli_writes_structured_report" time="0.682" /><testcase classname="tests.test_document_parser" name="test_normal_docx_is_parsed_with_paragraphs_and_status" time="0.047" /><testcase classname="tests.test_document_parser" name="test_docx_paragraph_table_order_is_preserved" time="0.046" /><testcase classname="tests.test_document_parser" name="test_docx_table_locators_keep_table_row_cell" time="0.049" /><testcase classname="tests.test_document_parser" name="test_docx_cell_newlines_are_preserved" time="0.040" /><testcase classname="tests.test_document_parser" name="test_pdf_pages_are_one_based_and_have_text" time="0.056" /><testcase classname="tests.test_document_parser" name="test_pdf_tables_retain_two_and_four_column_cells_and_locators" time="0.055" /><testcase classname="tests.test_document_parser" name="test_pdf_second_page_and_bbox_are_serializable" time="0.018" /><testcase classname="tests.test_document_parser" name="test_pdf_lines_locator_maps_back_to_json" time="0.021" /><testcase classname="tests.test_document_parser" name="test_docx_lines_cell_locator_maps_back_to_json" time="0.051" /><testcase classname="tests.test_document_parser" name="test_scan_like_pdf_returns_ocr_required" time="0.020" /><testcase classname="tests.test_document_parser" name="test_unsupported_extension_returns_status_and_exit_code" time="0.011" /><testcase classname="tests.test_document_parser" name="test_corrupt_supported_file_returns_parse_error_without_traceback[.pdf]" time="0.013" /><testcase classname="tests.test_document_parser" name="test_corrupt_supported_file_returns_parse_error_without_traceback[.docx]" time="0.011" /><testcase classname="tests.test_document_parser" name="test_unicode_amount_and_identifier_text_survives" time="0.051" /><testcase classname="tests.test_fact_extraction" name="test_same_line_candidate_resolves_project_name" time="0.051" /><testcase classname="tests.test_fact_extraction" name="test_pdf_candidate_uses_one_based_page_locator" time="0.019" /><testcase classname="tests.test_fact_extraction" name="test_table_candidates_keep_field_identity_and_value_locator" time="0.015" /><testcase classname="tests.test_fact_extraction" name="test_four_column_table_checks_every_label_cell" time="0.020" /><testcase classname="tests.test_fact_extraction" name="test_same_line_method_and_money_normalization" time="0.013" /><testcase classname="tests.test_fact_extraction" name="test_same_line_accepts_fullwidth_spacing_around_colon" time="0.021" /><testcase classname="tests.test_fact_extraction" name="test_next_line_candidate_does_not_cross_a_new_field_label" time="0.035" /><testcase classname="tests.test_fact_extraction" name="test_next_line_does_not_use_a_new_label_with_an_inline_value" time="0.019" /><testcase classname="tests.test_fact_extraction" name="test_keyword_window_finds_body_sentence" time="0.017" /><testcase classname="tests.test_fact_extraction" name="test_equal_sources_are_retained_and_resolved" time="0.022" /><testcase classname="tests.test_fact_extraction" name="test_project_and_tender_numbers_remain_independent" time="0.020" /><testcase classname="tests.test_fact_extraction" name="test_negative_consortium_phrase_normalizes_to_false" time="0.019" /><testcase classname="tests.test_fact_extraction" name="test_candidate_evidence_and_locator_are_present_for_resolved_fields" time="0.019" /><testcase classname="tests.test_fact_resolution" name="test_no_candidate_is_not_found_and_summary_counts_all_current_fields" time="0.019" /><testcase classname="tests.test_fact_resolution" name="test_conflicting_values_require_review" time="0.020" /><testcase classname="tests.test_fact_resolution" name="test_standalone_keyword_window_requires_review" time="0.020" /><testcase classname="tests.test_fact_resolution" name="test_keyword_window_agrees_with_independent_explicit_candidate" time="0.020" /><testcase classname="tests.test_fact_resolution" name="test_table_label_followed_by_another_label_is_not_used_as_value" time="0.019" /><testcase classname="tests.test_fact_resolution" name="test_next_line_new_field_value_is_not_project_name" time="0.020" /><testcase classname="tests.test_fact_resolution" name="test_source_priority_does_not_hide_conflict" time="0.021" /><testcase classname="tests.test_fact_resolution" name="test_equivalent_money_candidates_resolve_without_float" time="0.020" /><testcase classname="tests.test_fact_resolution" name="test_conflicting_money_candidates_require_review" time="0.019" /><testcase classname="tests.test_fact_resolution" name="test_equivalent_dates_resolve" time="0.019" /><testcase classname="tests.test_fact_resolution" name="test_duration_different_units_are_not_equated" time="0.019" /><testcase classname="tests.test_fact_resolution" name="test_budget_and_max_price_are_not_cross_filled" time="0.019" /><testcase classname="tests.test_fact_resolution" name="test_review_packet_contains_only_conflict_evidence" time="0.020" /><testcase classname="tests.test_fact_resolution" name="test_project_facts_can_be_serialized_and_revalidated" time="0.019" /><testcase classname="tests.test_fact_resolution" name="test_cli_writes_project_facts_and_review_packet" time="0.030" /><testcase classname="tests.test_fact_resolution" name="test_cli_rejects_ocr_required_without_creating_facts" time="0.007" /><testcase classname="tests.test_format_extractor" name="test_source_format_section_is_found_and_stops_at_next_chapter" time="0.070" /><testcase classname="tests.test_format_extractor" name="test_body_phrase_does_not_start_a_format_section" time="0.041" /><testcase classname="tests.test_format_extractor" name="test_pdf_chapter_heading_and_ordered_forms_are_preserved" time="0.005" /><testcase classname="tests.test_format_extractor" name="test_unbounded_large_pdf_format_tail_is_marked_for_review" time="0.029" /><testcase classname="tests.test_format_extractor" name="test_long_pdf_format_chapter_with_ordered_forms_can_end_at_eof" time="0.007" /><testcase classname="tests.test_logical_layout" name="test_adjacent_blocks_form_one_paragraph_despite_glyph_edges" time="0.357" /><testcase classname="tests.test_logical_layout" name="test_addressee_has_container_not_short_glyph_width" time="0.324" /><testcase classname="tests.test_logical_layout" name="test_numbered_continuations_and_shared_list_geometry" time="0.335" /><testcase classname="tests.test_logical_layout" name="test_numeric_sentence_containing_document_is_not_heading" time="0.001" /><testcase classname="tests.test_logical_layout" name="test_appendix_catalog_rows_do_not_merge" time="0.002" /><testcase classname="tests.test_logical_layout" name="test_form_baselines_split_even_when_labels_are_span_fragments" time="0.355" /><testcase classname="tests.test_logical_layout" name="test_guard_rejects_number_in_name_slot_but_preserves_number_slot" time="0.002" /><testcase classname="tests.test_logical_layout" name="test_inline_slot_does_not_fragment_surrounding_prose" time="0.361" /><testcase classname="tests.test_logical_layout" name="test_form_vector_blank_is_editable_visible_blank" time="0.342" /><testcase classname="tests.test_logical_layout" name="test_chinese_join_no_space_and_latin_boundary_retained" time="0.000" /><testcase classname="tests.test_logical_layout" name="test_qa_catches_serialized_narrow_centered_body" time="0.480" /><testcase classname="tests.test_logical_layout" name="test_qa_does_not_equate_zero_breaks_with_paragraph_success" time="0.374" /><testcase classname="tests.test_models" name="test_candidate_fact_can_be_created_and_serialized" time="0.001" /><testcase classname="tests.test_models" name="test_confidence_must_be_between_zero_and_one[-0.01]" time="0.001" /><testcase classname="tests.test_models" name="test_confidence_must_be_between_zero_and_one[1.01]" time="0.001" /><testcase classname="tests.test_models" name="test_resolved_fact_status_enum_accepts_only_three_v1_values" time="0.001" /><testcase classname="tests.test_models" name="test_project_number_and_tender_number_remain_independent" time="0.002" /><testcase classname="tests.test_models" name="test_pdf_locator_preserves_real_page" time="0.001" /><testcase classname="tests.test_models" name="test_docx_paragraph_locator_has_no_page" time="0.001" /><testcase classname="tests.test_models" name="test_docx_table_locator_has_no_page" time="0.001" /><testcase classname="tests.test_models" name="test_project_facts_summary_counts_all_three_statuses" time="0.001" /><testcase classname="tests.test_models" name="test_generated_json_schema_can_be_loaded_and_describes_contract" time="0.008" /><testcase classname="tests.test_package" name="test_package_is_complete_and_has_no_forbidden_files" time="0.110" /><testcase classname="tests.test_package" name="test_validator_rejects_forbidden_package_members" time="0.008" /><testcase classname="tests.test_page_layout" name="test_visual_wrap_one_logical_paragraph" time="0.688" /><testcase classname="tests.test_page_layout" name="test_numbered_boundaries_not_merged" time="0.001" /><testcase classname="tests.test_page_layout" name="test_same_baseline_fragment_is_not_tab" time="0.001" /><testcase classname="tests.test_page_layout" name="test_incomplete_geometry_does_not_guess" time="0.001" /><testcase classname="tests.test_page_layout" name="test_cover_and_divider_distinct" time="0.002" /><testcase classname="tests.test_page_layout" name="test_center_and_vertical_band" time="0.382" /><testcase classname="tests.test_page_layout" name="test_font_mapping[SimSun-\u5b8b\u4f53]" time="0.001" /><testcase classname="tests.test_page_layout" name="test_font_mapping[FangSong_GB2312-\u4eff\u5b8b]" time="0.001" /><testcase classname="tests.test_page_layout" name="test_font_mapping[SimHei-\u9ed1\u4f53]" time="0.001" /><testcase classname="tests.test_page_layout" name="test_font_mapping[KaiTi-\u6977\u4f53]" time="0.001" /><testcase classname="tests.test_page_layout" name="test_font_mapping[TimesNewRomanPSMT-Times New Roman]" time="0.001" /><testcase classname="tests.test_page_layout" name="test_form_row_is_one_paragraph_with_native_tabs_or_underlines[\u4f9b\u5e94\u5546\uff1a________\uff08\u76d6\u5355\u4f4d\u516c\u7ae0\uff09-3]" time="0.666" /><testcase classname="tests.test_page_layout" name="test_form_row_is_one_paragraph_with_native_tabs_or_underlines[____\u5e74____\u6708____\u65e5-6]" time="0.766" /><testcase classname="tests.test_page_layout" name="test_fixed_content_not_form" time="0.002" /><testcase classname="tests.test_page_layout" name="test_calibration_bounded" time="0.001" /><testcase classname="tests.test_page_layout" name="test_body_is_not_centered_merely_because_margins_symmetric" time="0.001" /><testcase classname="tests.test_page_layout" name="test_vector_blank_requires_field_geometry" time="0.001" /><testcase classname="tests.test_page_layout" name="test_blank_pdf_lines_keep_geometry_not_printed_rows" time="0.001" /><testcase classname="tests.test_page_layout" name="test_visible_span_font_not_blank_span_font" time="0.016" /><testcase classname="tests.test_page_layout" name="test_inline_blank_needs_vector_evidence" time="0.001" /><testcase classname="tests.test_pipeline" name="test_pipeline_docx_writes_all_delivery_artifacts" time="1.035" /><testcase classname="tests.test_pipeline" name="test_pipeline_text_pdf_writes_all_delivery_artifacts" time="0.809" /><testcase classname="tests.test_pipeline" name="test_pipeline_stops_on_ocr_required_without_fake_delivery" time="0.016" /><testcase classname="tests.test_pipeline" name="test_pipeline_corrupt_input_returns_nonzero_without_fake_delivery" time="0.011" /><testcase classname="tests.test_recovery_regressions" name="test_guarantee_form_sentence_never_contaminates_amount" time="0.016" /><testcase classname="tests.test_recovery_regressions" name="test_canonical_money_and_boolean_values_remain_type_valid" time="0.001" /><testcase classname="tests.test_recovery_regressions" name="test_reference_time_requires_review_without_a_resolved_deadline" time="0.020" /><testcase classname="tests.test_recovery_regressions" name="test_reference_time_can_only_be_derived_from_a_concrete_deadline" time="0.016" /><testcase classname="tests.test_recovery_regressions" name="test_owner_and_agent_number_aliases_keep_ownership_independent" time="0.019" /><testcase classname="tests.test_recovery_regressions" name="test_duration_quality_aliases_and_procurement_submission_separation" time="0.052" /><testcase classname="tests.test_recovery_regressions" name="test_labeled_multiline_value_keeps_a_split_project_title_bounded" time="0.010" /><testcase classname="tests.test_recovery_regressions" name="test_standalone_title_candidate_is_limited_to_obvious_title_context" time="0.010" /><testcase classname="tests.test_recovery_regressions" name="test_semantic_proposal_is_evidence_bound_and_re_resolved_by_python" time="0.025" /><testcase classname="tests.test_review_builder" name="test_review_workbook_uses_the_supplied_template_as_the_primary_sheet" time="0.361" /><testcase classname="tests.test_review_builder" name="test_review_workbook_keeps_numbers_independent_and_manual_fields_unfilled" time="0.361" /><testcase classname="tests.test_review_builder" name="test_review_workbook_preserves_template_validation_and_structure" time="0.384" /><testcase classname="tests.test_review_builder" name="test_review_workbook_template_is_present_and_not_rebuilt_from_scratch" time="0.001" /><testcase classname="tests.test_review_builder" name="test_review_builder_requires_project_facts_ssot" time="0.005" /><testcase classname="tests.test_review_evidence" name="test_review_evidence_retrieves_generic_high_value_clauses" time="0.213" /><testcase classname="tests.test_review_evidence" name="test_fully_electronic_signal_can_be_not_applicable_candidate" time="0.117" /><testcase classname="tests.test_review_evidence" name="test_review_evidence_pruning_is_bounded_and_explicit" time="0.214" /><testcase classname="tests.test_review_evidence" name="test_one_strong_clause_is_found_not_multiple_found" time="0.128" /><testcase classname="tests.test_review_evidence" name="test_table_cell_text_ignores_tall_artwork_span" time="0.001" /><testcase classname="tests.test_review_evidence" name="test_long_contents_lines_are_not_review_evidence" time="0.001" /><testcase classname="tests.test_review_evidence" name="test_scoring_row_does_not_accept_non_scoring_qualification_phrase" time="0.142" /><testcase classname="tests.test_review_evidence" name="test_semantic_classification_must_reference_existing_candidate" time="0.001" /><testcase classname="tests.test_review_evidence" name="test_review_workbook_writes_states_into_existing_64_rows_without_stray_row" time="0.509" /><testcase classname="tests.test_round46_form_layout" name="test_visible_pdf_rule_becomes_word_bottom_rule_and_plain_empty_stays_plain" time="0.384" /><testcase classname="tests.test_round46_form_layout" name="test_project_number_and_signature_rows_use_editable_lines" time="0.404" /><testcase classname="tests.test_round46_form_layout" name="test_date_row_has_three_stable_editable_cells" time="0.383" /><testcase classname="tests.test_round46_form_layout" name="test_inline_sentence_blank_stays_in_one_paragraph_and_is_underlined" time="0.001" /><testcase classname="tests.test_round46_form_layout" name="test_inline_sentence_blank_renders_as_visible_underlined_glyphs" time="0.346" /><testcase classname="tests.test_round46_form_layout" name="test_numbered_and_nested_lists_use_true_hanging_indent" time="0.355" /><testcase classname="tests.test_round46_form_layout" name="test_form_block_has_one_shared_grid_for_related_rows" time="0.368" /><testcase classname="tests.test_round46_form_layout" name="test_artifact_span_outside_cell_bbox_is_rejected" time="0.001" /><testcase classname="tests.test_round46_form_layout" name="test_rotated_watermark_span_is_rejected_but_valid_short_business_cell_survives" time="0.001" /><testcase classname="tests.test_round47_paragraph_native" name="test_paragraph_position_uses_indent_and_vertical_gap_uses_spacing" time="0.489" /><testcase classname="tests.test_round47_paragraph_native" name="test_center_title_and_left_addressee_are_native_paragraphs" time="0.346" /><testcase classname="tests.test_round47_paragraph_native" name="test_geometry_backed_justified_narrative_is_not_a_positioning_hack" time="0.355" /><testcase classname="tests.test_round47_paragraph_native" name="test_single_line_form_uses_tab_leader_and_no_layout_table" time="0.335" /><testcase classname="tests.test_round47_paragraph_native" name="test_date_line_and_multi_field_line_remain_one_paragraph" time="0.329" /><testcase classname="tests.test_round47_paragraph_native" name="test_hanging_list_and_nested_hanging_list_are_paragraphs" time="0.346" /><testcase classname="tests.test_round47_paragraph_native" name="test_real_source_table_stays_table_and_word_safe" time="0.773" /><testcase classname="tests.test_round47_paragraph_native" name="test_form_label_never_creates_a_synthetic_table" time="0.381" /><testcase classname="tests.test_round48_typography_semantics" name="test_pdf_subset_font_normalization" time="0.000" /><testcase classname="tests.test_round48_typography_semantics" name="test_same_role_table_font_normalization_and_outlier_detection" time="0.002" /><testcase classname="tests.test_round48_typography_semantics" name="test_legitimate_table_font_variation_is_preserved" time="0.001" /><testcase classname="tests.test_round48_typography_semantics" name="test_unit_tokens_keep_x_order_for_m2_m3_m3h_m3s" time="0.001" /><testcase classname="tests.test_round48_typography_semantics" name="test_true_word_superscript_and_no_orphan" time="0.352" /><testcase classname="tests.test_round48_typography_semantics" name="test_resolved_fact_fills_all_compatible_slots_and_wrong_type_rejected" time="0.003" /><testcase classname="tests.test_round48_typography_semantics" name="test_fixed_source_value_is_not_a_fill_slot" time="0.001" /><testcase classname="tests.test_round48_typography_semantics" name="test_actual_rendered_page_count_can_differ_from_section_count" time="0.049" /><testcase classname="tests.test_round49_alignment_style" name="test_centered_form_alignment_is_source_geometry_semantic" time="0.001" /><testcase classname="tests.test_round49_alignment_style" name="test_centered_form_fill_uses_center_and_zero_indents_with_fixed_slot" time="0.374" /><testcase classname="tests.test_round49_alignment_style" name="test_empty_table_value_resolves_style_from_paired_label" time="0.001" /><testcase classname="tests.test_round49_alignment_style" name="test_same_fact_uses_independent_destination_styles" time="0.379" /><testcase classname="tests.test_source_format_fidelity" name="test_pdf_font_span_metadata_and_geometry_are_retained" time="0.060" /><testcase classname="tests.test_source_format_fidelity" name="test_pdf_vector_rules_are_retained_for_form_lines" time="0.017" /><testcase classname="tests.test_source_format_fidelity" name="test_source_paragraph_alignment_and_line_geometry_are_retained" time="0.001" /><testcase classname="tests.test_source_format_fidelity" name="test_fill_slot_detection_covers_underline_whitespace_parenthetical_and_date" time="0.001" /><testcase classname="tests.test_source_format_fidelity" name="test_underline_fill_inherits_source_run_style_without_heading_leak" time="0.055" /><testcase classname="tests.test_source_format_fidelity" name="test_blank_space_fill_keeps_source_fixed_unit_once" time="0.048" /><testcase classname="tests.test_source_format_fidelity" name="test_parenthetical_fill_is_constrained_to_resolved_fact" time="0.051" /><testcase classname="tests.test_source_format_fidelity" name="test_table_cell_fill_preserves_fixed_template_value" time="0.051" /><testcase classname="tests.test_source_format_fidelity" name="test_multiline_table_cell_spans_keep_source_line_breaks" time="0.055" /><testcase classname="tests.test_source_format_fidelity" name="test_fixed_table_value_does_not_create_a_later_remark_slot" time="0.001" /><testcase classname="tests.test_source_format_fidelity" name="test_table_chrome_span_is_removed_without_deleting_real_cell_text" time="0.001" /><testcase classname="tests.test_source_format_fidelity" name="test_table_merge_width_and_height_are_retained" time="0.052" /><testcase classname="tests.test_source_format_fidelity" name="test_unknown_fact_and_bidder_specific_placeholder_stay_source_unchanged" time="0.104" /><testcase classname="tests.test_source_format_fidelity" name="test_pdf_chrome_detection_is_repetition_and_geometry_bound" time="0.001" /><testcase classname="tests.test_source_format_fidelity" name="test_page_break_and_mixed_page_section_count_are_preserved" time="0.075" /><testcase classname="tests.test_source_format_fidelity" name="test_source_rule_is_emitted_as_a_positioned_editable_line" time="0.050" /><testcase classname="tests.test_source_format_fidelity" name="test_font_repair_is_recorded_in_generation_report" time="0.048" /><testcase classname="tests.test_word_ooxml_integrity" name="test_normal_python_docx_package_is_well_formed_and_reopens" time="0.159" /><testcase classname="tests.test_word_ooxml_integrity" name="test_deep_forensic_inspector_passes_normal_package" time="0.251" /><testcase classname="tests.test_word_ooxml_integrity" name="test_deep_forensic_inspector_catches_schema_order_and_direct_break" time="0.350" /><testcase classname="tests.test_word_ooxml_integrity" name="test_deep_forensic_inspector_catches_invalid_xml_control_character" time="0.278" /><testcase classname="tests.test_word_ooxml_integrity" name="test_scanner_catches_legacy_floating_table_property_order" time="0.130" /><testcase classname="tests.test_word_ooxml_integrity" name="test_word_com_normal_open_gate_when_enabled" time="0.001"><skipped type="pytest.skip" message="desktop Word COM gate is run explicitly on the Windows acceptance host">D:\PyCharmProjects\WBTenderSkill\tests\test_word_ooxml_integrity.py:136: desktop Word COM gate is run explicitly on the Windows acceptance host</skipped></testcase><testcase classname="tests.test_word_safe_builder" name="test_clean_document_bootstrap_and_no_prior_docx_load" time="0.673" /><testcase classname="tests.test_word_safe_builder" name="test_production_has_no_arbitrary_xml_or_relationship_authoring" time="0.047" /><testcase classname="tests.test_word_safe_builder" name="test_canary_all_production_constructs" time="0.731" /><testcase classname="tests.test_word_safe_builder" name="test_safe_filling_preserves_source_slot[\u9879\u76ee\u540d\u79f0\uff1a________-\u8131\u654f\u5de5\u7a0b-\u9879\u76ee\u540d\u79f0\uff1a\u8131\u654f\u5de5\u7a0b]" time="0.761" /><testcase classname="tests.test_word_safe_builder" name="test_safe_filling_preserves_source_slot[\uff08\u9879\u76ee\u540d\u79f0\uff09-\u8131\u654f\u5de5\u7a0b-\u8131\u654f\u5de5\u7a0b]" time="0.635" /><testcase classname="tests.test_word_safe_builder" name="test_safe_filling_preserves_source_slot[\u4f9b\u8d27\u671f        \u65e5\u5386\u5929-90\u65e5\u5386\u5929-\u4f9b\u8d27\u671f90\u65e5\u5386\u5929]" time="0.659" /><testcase classname="tests.test_word_safe_builder" name="test_unknown_and_fixed_and_bidder_slots_untouched" time="0.345" /><testcase classname="tests.test_word_safe_builder" name="test_table_slot_fixed_value_widths_and_heights" time="0.494" /><testcase classname="tests.test_word_safe_builder" name="test_merge_duplicate_rectangles_once_but_distinct_content_degrades" time="0.697" /><testcase classname="tests.test_word_safe_builder" name="test_watermark_text_does_not_remove_same_text_from_cover" time="0.002" /><testcase classname="tests.test_word_safe_builder" name="test_forbidden_construct_is_rejected[&lt;w:tblpPr/&gt;]" time="0.701" /><testcase classname="tests.test_word_safe_builder" name="test_forbidden_construct_is_rejected[&lt;w:br/&gt;]" time="0.658" /><testcase classname="tests.test_word_safe_builder" name="test_forbidden_construct_is_rejected[&lt;w:p&gt;&lt;w:fldSimple w:instr=&quot;TEST&quot;/&gt;&lt;/w:p&gt;]" time="0.732" /><testcase classname="tests.test_word_safe_builder" name="test_forbidden_construct_is_rejected[&lt;w:p&gt;&lt;w:r&gt;&lt;w:pict/&gt;&lt;/w:r&gt;&lt;/w:p&gt;]" time="0.645" /></testsuite></testsuites>